2025-05-18 17:04:31,134 - IP: 127.0.0.1, Method: GET, Path: /accounts/login/, Device: PC, OS: Windows, Browser: Chrome
2025-05-18 17:04:33,844 - IP: 127.0.0.1, Method: POST, Path: /accounts/login/, Device: PC, OS: Windows, Browser: Chrome
2025-05-18 17:04:34,387 - IP: 127.0.0.1, Method: GET, Path: /, Device: PC, OS: Windows, Browser: Chrome
2025-05-18 17:06:52,440 - D:\app\rencana\bkad\middlewares\access_logger.py changed, reloading.
2025-05-18 17:08:35,007 - IP: 127.0.0.1, Method: GET, Path: /admin/base/menuaccess/, Device: PC, OS: Windows, Browser: Chrome
2025-05-18 17:08:35,306 - IP: 127.0.0.1, Method: GET, Path: /admin/jsi18n/, Device: PC, OS: Windows, Browser: Chrome
2025-05-18 17:14:24,898 - IP: 127.0.0.1, Method: GET, Path: /accounts/login/, Device: Mobile, OS: Other, Browser: Python Requests
2025-05-18 17:14:24,951 - IP: 127.0.0.1, Method: GET, Path: /accounts/login/, Device: Mobile, OS: Other, Browser: Python Requests
2025-05-18 17:14:24,960 - IP: 127.0.0.1, Method: GET, Path: /accounts/login/, Device: Mobile, OS: Other, Browser: Python Requests
2025-05-18 17:14:24,970 - IP: 127.0.0.1, Method: GET, Path: /accounts/login/, Device: Mobile, OS: Other, Browser: Python Requests
2025-05-18 17:14:24,979 - IP: 127.0.0.1, Method: GET, Path: /accounts/login/, Device: Mobile, OS: Other, Browser: Python Requests
2025-05-18 17:14:24,989 - IP: 127.0.0.1, Method: GET, Path: /accounts/login/, Device: Mobile, OS: Other, Browser: Python Requests
2025-05-18 17:14:24,999 - IP: 127.0.0.1, Method: GET, Path: /accounts/login/, Device: Mobile, OS: Other, Browser: Python Requests
2025-05-18 17:14:25,010 - IP: 127.0.0.1, Method: GET, Path: /accounts/login/, Device: Mobile, OS: Other, Browser: Python Requests
2025-05-18 17:14:25,023 - IP: 127.0.0.1, Method: GET, Path: /accounts/login/, Device: Mobile, OS: Other, Browser: Python Requests
2025-05-18 17:14:25,034 - IP: 127.0.0.1, Method: GET, Path: /accounts/login/, Device: Mobile, OS: Other, Browser: Python Requests
2025-05-18 17:14:25,046 - IP: 127.0.0.1, Method: GET, Path: /accounts/login/, Device: Mobile, OS: Other, Browser: Python Requests
2025-05-18 17:14:25,056 - IP: 127.0.0.1, Method: GET, Path: /accounts/login/, Device: Mobile, OS: Other, Browser: Python Requests
2025-05-18 17:14:25,067 - IP: 127.0.0.1, Method: GET, Path: /accounts/login/, Device: Mobile, OS: Other, Browser: Python Requests
2025-05-18 17:14:25,076 - IP: 127.0.0.1, Method: GET, Path: /accounts/login/, Device: Mobile, OS: Other, Browser: Python Requests
2025-05-18 17:14:25,086 - IP: 127.0.0.1, Method: GET, Path: /accounts/login/, Device: Mobile, OS: Other, Browser: Python Requests
2025-05-18 17:14:25,096 - IP: 127.0.0.1, Method: GET, Path: /accounts/login/, Device: Mobile, OS: Other, Browser: Python Requests
2025-05-18 17:14:25,106 - IP: 127.0.0.1, Method: GET, Path: /accounts/login/, Device: Mobile, OS: Other, Browser: Python Requests
2025-05-18 17:14:25,117 - IP: 127.0.0.1, Method: GET, Path: /accounts/login/, Device: Mobile, OS: Other, Browser: Python Requests
2025-05-18 17:14:25,126 - IP: 127.0.0.1, Method: GET, Path: /accounts/login/, Device: Mobile, OS: Other, Browser: Python Requests
2025-05-18 17:14:25,136 - IP: 127.0.0.1, Method: GET, Path: /accounts/login/, Device: Mobile, OS: Other, Browser: Python Requests
2025-05-18 17:14:25,147 - SUSPICIOUS ACCESS: IP: 127.0.0.1, Method: GET, Path: /accounts/login/, Device: Mobile, OS: Other, Browser: Python Requests, Access Count: 21 in 1 minute
2025-05-18 17:14:25,147 - IP: 127.0.0.1, Method: GET, Path: /accounts/login/, Device: Mobile, OS: Other, Browser: Python Requests
2025-05-18 17:14:25,159 - SUSPICIOUS ACCESS: IP: 127.0.0.1, Method: GET, Path: /accounts/login/, Device: Mobile, OS: Other, Browser: Python Requests, Access Count: 22 in 1 minute
2025-05-18 17:14:25,159 - IP: 127.0.0.1, Method: GET, Path: /accounts/login/, Device: Mobile, OS: Other, Browser: Python Requests
2025-05-18 17:14:25,170 - SUSPICIOUS ACCESS: IP: 127.0.0.1, Method: GET, Path: /accounts/login/, Device: Mobile, OS: Other, Browser: Python Requests, Access Count: 23 in 1 minute
2025-05-18 17:14:25,171 - IP: 127.0.0.1, Method: GET, Path: /accounts/login/, Device: Mobile, OS: Other, Browser: Python Requests
2025-05-18 17:14:25,182 - SUSPICIOUS ACCESS: IP: 127.0.0.1, Method: GET, Path: /accounts/login/, Device: Mobile, OS: Other, Browser: Python Requests, Access Count: 24 in 1 minute
2025-05-18 17:14:25,182 - IP: 127.0.0.1, Method: GET, Path: /accounts/login/, Device: Mobile, OS: Other, Browser: Python Requests
2025-05-18 17:14:25,191 - SUSPICIOUS ACCESS: IP: 127.0.0.1, Method: GET, Path: /accounts/login/, Device: Mobile, OS: Other, Browser: Python Requests, Access Count: 25 in 1 minute
2025-05-18 17:14:25,192 - IP: 127.0.0.1, Method: GET, Path: /accounts/login/, Device: Mobile, OS: Other, Browser: Python Requests
2025-05-18 17:14:25,203 - SUSPICIOUS ACCESS: IP: 127.0.0.1, Method: GET, Path: /accounts/login/, Device: Mobile, OS: Other, Browser: Python Requests, Access Count: 26 in 1 minute
2025-05-18 17:14:25,203 - IP: 127.0.0.1, Method: GET, Path: /accounts/login/, Device: Mobile, OS: Other, Browser: Python Requests
2025-05-18 17:14:25,256 - SUSPICIOUS ACCESS: IP: 127.0.0.1, Method: GET, Path: /accounts/login/, Device: Mobile, OS: Other, Browser: Python Requests, Access Count: 27 in 1 minute
2025-05-18 17:14:25,256 - IP: 127.0.0.1, Method: GET, Path: /accounts/login/, Device: Mobile, OS: Other, Browser: Python Requests
2025-05-18 17:14:25,266 - SUSPICIOUS ACCESS: IP: 127.0.0.1, Method: GET, Path: /accounts/login/, Device: Mobile, OS: Other, Browser: Python Requests, Access Count: 28 in 1 minute
2025-05-18 17:14:25,268 - IP: 127.0.0.1, Method: GET, Path: /accounts/login/, Device: Mobile, OS: Other, Browser: Python Requests
2025-05-18 17:14:25,279 - SUSPICIOUS ACCESS: IP: 127.0.0.1, Method: GET, Path: /accounts/login/, Device: Mobile, OS: Other, Browser: Python Requests, Access Count: 29 in 1 minute
2025-05-18 17:14:25,279 - IP: 127.0.0.1, Method: GET, Path: /accounts/login/, Device: Mobile, OS: Other, Browser: Python Requests
2025-05-18 17:14:25,288 - SUSPICIOUS ACCESS: IP: 127.0.0.1, Method: GET, Path: /accounts/login/, Device: Mobile, OS: Other, Browser: Python Requests, Access Count: 30 in 1 minute
2025-05-18 17:14:25,288 - IP: 127.0.0.1, Method: GET, Path: /accounts/login/, Device: Mobile, OS: Other, Browser: Python Requests
2025-05-18 17:17:01,888 - IP: 127.0.0.1, Method: GET, Path: /accounts/login/, Device: PC, OS: Windows, Browser: Chrome
2025-05-18 17:17:04,847 - IP: 127.0.0.1, Method: POST, Path: /accounts/login/, Device: PC, OS: Windows, Browser: Chrome
2025-05-18 17:17:05,934 - IP: 127.0.0.1, Method: GET, Path: /, Device: PC, OS: Windows, Browser: Chrome
2025-05-18 17:17:12,461 - IP: 127.0.0.1, Method: GET, Path: /color/, Device: PC, OS: Windows, Browser: Chrome
2025-05-18 17:19:50,352 - IP: 127.0.0.1, Method: GET, Path: /admin/, Device: PC, OS: Windows, Browser: Chrome
2025-05-18 17:19:53,292 - IP: 127.0.0.1, Method: GET, Path: /admin/, Device: PC, OS: Windows, Browser: Chrome
2025-05-18 17:19:57,120 - IP: 127.0.0.1, Method: GET, Path: /admin/, Device: PC, OS: Windows, Browser: Chrome
2025-05-18 17:20:03,791 - IP: 127.0.0.1, Method: GET, Path: /admin/base/menuaccess/, Device: PC, OS: Windows, Browser: Chrome
2025-05-18 17:20:03,940 - IP: 127.0.0.1, Method: GET, Path: /admin/jsi18n/, Device: PC, OS: Windows, Browser: Chrome
2025-05-18 17:20:07,259 - IP: 127.0.0.1, Method: GET, Path: /admin/base/menuaccess/, Device: PC, OS: Windows, Browser: Chrome
2025-05-18 17:20:07,310 - IP: 127.0.0.1, Method: GET, Path: /admin/base/menuaccess/, Device: PC, OS: Windows, Browser: Chrome
2025-05-18 17:20:07,470 - IP: 127.0.0.1, Method: GET, Path: /admin/jsi18n/, Device: PC, OS: Windows, Browser: Chrome
2025-05-18 17:20:15,985 - IP: 127.0.0.1, Method: GET, Path: /admin/, Device: PC, OS: Windows, Browser: Chrome
2025-05-18 17:20:19,823 - IP: 127.0.0.1, Method: GET, Path: /admin/, Device: PC, OS: Windows, Browser: Chrome
2025-05-18 17:20:29,684 - IP: 127.0.0.1, Method: GET, Path: /admin/base/opd/, Device: PC, OS: Windows, Browser: Chrome
2025-05-18 17:20:29,830 - IP: 127.0.0.1, Method: GET, Path: /admin/jsi18n/, Device: PC, OS: Windows, Browser: Chrome
2025-05-18 17:20:33,185 - IP: 127.0.0.1, Method: GET, Path: /admin/, Device: PC, OS: Windows, Browser: Chrome
2025-05-18 17:20:36,230 - IP: 127.0.0.1, Method: GET, Path: /admin/, Device: PC, OS: Windows, Browser: Chrome
2025-05-18 17:20:40,421 - IP: 127.0.0.1, Method: GET, Path: /admin/base/menuaccess/, Device: PC, OS: Windows, Browser: Chrome
2025-05-18 17:20:40,547 - IP: 127.0.0.1, Method: GET, Path: /admin/jsi18n/, Device: PC, OS: Windows, Browser: Chrome
2025-05-18 17:21:08,551 - IP: 127.0.0.1, Method: GET, Path: /sample-page/, Device: PC, OS: Windows, Browser: Chrome
2025-05-18 17:33:57,171 - D:\app\rencana\bkad\core\settings.py changed, reloading.
2025-05-18 17:34:09,985 - D:\app\rencana\bkad\core\settings.py changed, reloading.
2025-05-18 17:34:23,089 - D:\app\rencana\bkad\core\settings.py changed, reloading.
2025-05-18 17:34:28,015 - D:\app\rencana\bkad\core\settings.py changed, reloading.
2025-05-18 17:34:47,549 - D:\app\rencana\bkad\core\settings.py changed, reloading.
2025-05-18 17:35:10,427 - D:\app\rencana\bkad\core\settings.py changed, reloading.
2025-05-18 17:35:28,042 - D:\app\rencana\bkad\core\views.py changed, reloading.
2025-05-18 17:35:33,951 - D:\app\rencana\bkad\core\views.py changed, reloading.
2025-05-18 17:36:23,171 - D:\app\rencana\bkad\core\urls.py changed, reloading.
2025-05-18 17:36:47,213 - D:\app\rencana\bkad\core\urls.py changed, reloading.
2025-05-18 17:36:49,793 - D:\app\rencana\bkad\core\urls.py changed, reloading.
2025-05-18 17:37:19,949 - IP: 127.0.0.1, Method: GET, Path: /accounts/login/, Device: PC, OS: Windows, Browser: Chrome
2025-05-18 17:37:27,113 - IP: 127.0.0.1, Method: POST, Path: /accounts/login/, Device: PC, OS: Windows, Browser: Chrome
2025-05-18 17:37:28,180 - IP: 127.0.0.1, Method: GET, Path: /, Device: PC, OS: Windows, Browser: Chrome
2025-05-18 17:37:33,578 - IP: 127.0.0.1, Method: GET, Path: /send-email/, Device: PC, OS: Windows, Browser: Chrome
2025-05-18 17:37:50,275 - IP: 127.0.0.1, Method: GET, Path: /favicon.ico, Device: PC, OS: Windows, Browser: Chrome
2025-05-18 17:37:50,506 - Not Found: /favicon.ico
2025-05-18 17:38:54,678 - D:\app\rencana\bkad\core\settings.py changed, reloading.
2025-05-18 17:39:10,069 - D:\app\rencana\bkad\core\settings.py changed, reloading.
2025-05-18 17:40:25,022 - D:\app\rencana\bkad\core\settings.py changed, reloading.
2025-05-18 17:49:35,505 - D:\app\rencana\bkad\core\middleware.py changed, reloading.
2025-05-18 17:49:52,488 - D:\app\rencana\bkad\core\middleware.py changed, reloading.
2025-05-18 17:50:26,930 - D:\app\rencana\bkad\core\middleware.py changed, reloading.
2025-05-18 17:51:17,592 - D:\app\rencana\bkad\core\middleware.py changed, reloading.
2025-05-18 17:51:35,262 - D:\app\rencana\bkad\middlewares\access_logger.py changed, reloading.
2025-05-18 17:51:45,471 - D:\app\rencana\bkad\middlewares\access_logger.py changed, reloading.
2025-05-18 17:52:17,127 - D:\app\rencana\bkad\middlewares\access_logger.py changed, reloading.
2025-05-18 17:54:55,948 - D:\app\rencana\bkad\middlewares\access_logger.py changed, reloading.
2025-05-18 17:55:16,493 - IP: 127.0.0.1, Method: GET, Path: /accounts/login/, Device: PC, OS: Windows, Browser: Chrome
2025-05-18 17:55:18,534 - IP: 127.0.0.1, Method: POST, Path: /accounts/login/, Device: PC, OS: Windows, Browser: Chrome
2025-05-18 17:55:19,035 - IP: 127.0.0.1, Method: GET, Path: /, Device: PC, OS: Windows, Browser: Chrome
2025-05-18 17:55:32,102 - IP: 127.0.0.1, Method: GET, Path: /send-email/, Device: PC, OS: Windows, Browser: Chrome
2025-05-18 17:56:44,101 - D:\app\rencana\bkad\middlewares\access_logger.py changed, reloading.
2025-05-18 17:56:56,622 - IP: 127.0.0.1, Method: GET, Path: /accounts/login/, Device: Mobile, OS: Other, Browser: Python Requests
2025-05-18 17:56:56,640 - IP: 127.0.0.1, Method: GET, Path: /accounts/login/, Device: Mobile, OS: Other, Browser: Python Requests
2025-05-18 17:56:56,647 - IP: 127.0.0.1, Method: GET, Path: /accounts/login/, Device: Mobile, OS: Other, Browser: Python Requests
2025-05-18 17:56:56,654 - IP: 127.0.0.1, Method: GET, Path: /accounts/login/, Device: Mobile, OS: Other, Browser: Python Requests
2025-05-18 17:56:56,662 - IP: 127.0.0.1, Method: GET, Path: /accounts/login/, Device: Mobile, OS: Other, Browser: Python Requests
2025-05-18 17:56:56,671 - IP: 127.0.0.1, Method: GET, Path: /accounts/login/, Device: Mobile, OS: Other, Browser: Python Requests
2025-05-18 17:56:56,680 - IP: 127.0.0.1, Method: GET, Path: /accounts/login/, Device: Mobile, OS: Other, Browser: Python Requests
2025-05-18 17:56:56,689 - IP: 127.0.0.1, Method: GET, Path: /accounts/login/, Device: Mobile, OS: Other, Browser: Python Requests
2025-05-18 17:56:56,700 - IP: 127.0.0.1, Method: GET, Path: /accounts/login/, Device: Mobile, OS: Other, Browser: Python Requests
2025-05-18 17:56:56,708 - IP: 127.0.0.1, Method: GET, Path: /accounts/login/, Device: Mobile, OS: Other, Browser: Python Requests
2025-05-18 17:56:56,718 - IP: 127.0.0.1, Method: GET, Path: /accounts/login/, Device: Mobile, OS: Other, Browser: Python Requests
2025-05-18 17:56:56,726 - IP: 127.0.0.1, Method: GET, Path: /accounts/login/, Device: Mobile, OS: Other, Browser: Python Requests
2025-05-18 17:56:56,735 - IP: 127.0.0.1, Method: GET, Path: /accounts/login/, Device: Mobile, OS: Other, Browser: Python Requests
2025-05-18 17:56:56,742 - IP: 127.0.0.1, Method: GET, Path: /accounts/login/, Device: Mobile, OS: Other, Browser: Python Requests
2025-05-18 17:56:56,752 - IP: 127.0.0.1, Method: GET, Path: /accounts/login/, Device: Mobile, OS: Other, Browser: Python Requests
2025-05-18 17:56:56,760 - IP: 127.0.0.1, Method: GET, Path: /accounts/login/, Device: Mobile, OS: Other, Browser: Python Requests
2025-05-18 17:56:56,770 - IP: 127.0.0.1, Method: GET, Path: /accounts/login/, Device: Mobile, OS: Other, Browser: Python Requests
2025-05-18 17:56:56,779 - IP: 127.0.0.1, Method: GET, Path: /accounts/login/, Device: Mobile, OS: Other, Browser: Python Requests
2025-05-18 17:56:56,787 - IP: 127.0.0.1, Method: GET, Path: /accounts/login/, Device: Mobile, OS: Other, Browser: Python Requests
2025-05-18 17:56:56,795 - IP: 127.0.0.1, Method: GET, Path: /accounts/login/, Device: Mobile, OS: Other, Browser: Python Requests
2025-05-18 17:56:56,804 - SUSPICIOUS ACCESS: IP: 127.0.0.1, Method: GET, Path: /accounts/login/, Device: Mobile, OS: Other, Browser: Python Requests, Access Count: 21 in 1 minute
2025-05-18 17:57:13,048 - IP: 127.0.0.1, Method: GET, Path: /accounts/login/, Device: Mobile, OS: Other, Browser: Python Requests
2025-05-18 17:57:13,067 - SUSPICIOUS ACCESS: IP: 127.0.0.1, Method: GET, Path: /accounts/login/, Device: Mobile, OS: Other, Browser: Python Requests, Access Count: 22 in 1 minute
2025-05-18 17:57:16,733 - IP: 127.0.0.1, Method: GET, Path: /accounts/login/, Device: Mobile, OS: Other, Browser: Python Requests
2025-05-18 17:57:16,746 - SUSPICIOUS ACCESS: IP: 127.0.0.1, Method: GET, Path: /accounts/login/, Device: Mobile, OS: Other, Browser: Python Requests, Access Count: 23 in 1 minute
2025-05-18 17:57:20,284 - IP: 127.0.0.1, Method: GET, Path: /accounts/login/, Device: Mobile, OS: Other, Browser: Python Requests
2025-05-18 17:57:20,309 - SUSPICIOUS ACCESS: IP: 127.0.0.1, Method: GET, Path: /accounts/login/, Device: Mobile, OS: Other, Browser: Python Requests, Access Count: 24 in 1 minute
2025-05-18 17:57:24,525 - IP: 127.0.0.1, Method: GET, Path: /accounts/login/, Device: Mobile, OS: Other, Browser: Python Requests
2025-05-18 17:57:24,540 - SUSPICIOUS ACCESS: IP: 127.0.0.1, Method: GET, Path: /accounts/login/, Device: Mobile, OS: Other, Browser: Python Requests, Access Count: 25 in 1 minute
2025-05-18 17:57:28,368 - IP: 127.0.0.1, Method: GET, Path: /accounts/login/, Device: Mobile, OS: Other, Browser: Python Requests
2025-05-18 17:57:28,388 - SUSPICIOUS ACCESS: IP: 127.0.0.1, Method: GET, Path: /accounts/login/, Device: Mobile, OS: Other, Browser: Python Requests, Access Count: 26 in 1 minute
2025-05-18 17:57:32,198 - IP: 127.0.0.1, Method: GET, Path: /accounts/login/, Device: Mobile, OS: Other, Browser: Python Requests
2025-05-18 17:57:32,216 - SUSPICIOUS ACCESS: IP: 127.0.0.1, Method: GET, Path: /accounts/login/, Device: Mobile, OS: Other, Browser: Python Requests, Access Count: 27 in 1 minute
2025-05-18 17:57:35,691 - IP: 127.0.0.1, Method: GET, Path: /accounts/login/, Device: Mobile, OS: Other, Browser: Python Requests
2025-05-18 17:57:35,710 - SUSPICIOUS ACCESS: IP: 127.0.0.1, Method: GET, Path: /accounts/login/, Device: Mobile, OS: Other, Browser: Python Requests, Access Count: 28 in 1 minute
2025-05-18 17:57:39,198 - IP: 127.0.0.1, Method: GET, Path: /accounts/login/, Device: Mobile, OS: Other, Browser: Python Requests
2025-05-18 17:57:39,217 - SUSPICIOUS ACCESS: IP: 127.0.0.1, Method: GET, Path: /accounts/login/, Device: Mobile, OS: Other, Browser: Python Requests, Access Count: 29 in 1 minute
2025-05-18 17:57:42,686 - IP: 127.0.0.1, Method: GET, Path: /accounts/login/, Device: Mobile, OS: Other, Browser: Python Requests
2025-05-18 17:57:42,706 - SUSPICIOUS ACCESS: IP: 127.0.0.1, Method: GET, Path: /accounts/login/, Device: Mobile, OS: Other, Browser: Python Requests, Access Count: 30 in 1 minute
2025-05-18 17:57:46,984 - IP: 127.0.0.1, Method: GET, Path: /accounts/login/, Device: Mobile, OS: Other, Browser: Python Requests
2025-05-18 17:58:14,909 - D:\app\rencana\bkad\middlewares\access_logger.py changed, reloading.
2025-05-18 17:58:19,345 - IP: 127.0.0.1, Method: GET, Path: /accounts/login/, Device: Mobile, OS: Other, Browser: Python Requests
2025-05-18 17:58:19,362 - IP: 127.0.0.1, Method: GET, Path: /accounts/login/, Device: Mobile, OS: Other, Browser: Python Requests
2025-05-18 17:58:19,369 - IP: 127.0.0.1, Method: GET, Path: /accounts/login/, Device: Mobile, OS: Other, Browser: Python Requests
2025-05-18 17:58:19,381 - IP: 127.0.0.1, Method: GET, Path: /accounts/login/, Device: Mobile, OS: Other, Browser: Python Requests
2025-05-18 17:58:19,388 - IP: 127.0.0.1, Method: GET, Path: /accounts/login/, Device: Mobile, OS: Other, Browser: Python Requests
2025-05-18 17:58:19,398 - IP: 127.0.0.1, Method: GET, Path: /accounts/login/, Device: Mobile, OS: Other, Browser: Python Requests
2025-05-18 17:58:19,406 - IP: 127.0.0.1, Method: GET, Path: /accounts/login/, Device: Mobile, OS: Other, Browser: Python Requests
2025-05-18 17:58:19,417 - IP: 127.0.0.1, Method: GET, Path: /accounts/login/, Device: Mobile, OS: Other, Browser: Python Requests
2025-05-18 17:58:19,428 - IP: 127.0.0.1, Method: GET, Path: /accounts/login/, Device: Mobile, OS: Other, Browser: Python Requests
2025-05-18 17:58:19,437 - IP: 127.0.0.1, Method: GET, Path: /accounts/login/, Device: Mobile, OS: Other, Browser: Python Requests
2025-05-18 17:58:19,447 - IP: 127.0.0.1, Method: GET, Path: /accounts/login/, Device: Mobile, OS: Other, Browser: Python Requests
2025-05-18 17:58:19,456 - IP: 127.0.0.1, Method: GET, Path: /accounts/login/, Device: Mobile, OS: Other, Browser: Python Requests
2025-05-18 17:58:19,465 - IP: 127.0.0.1, Method: GET, Path: /accounts/login/, Device: Mobile, OS: Other, Browser: Python Requests
2025-05-18 17:58:19,473 - IP: 127.0.0.1, Method: GET, Path: /accounts/login/, Device: Mobile, OS: Other, Browser: Python Requests
2025-05-18 17:58:19,483 - IP: 127.0.0.1, Method: GET, Path: /accounts/login/, Device: Mobile, OS: Other, Browser: Python Requests
2025-05-18 17:58:19,492 - IP: 127.0.0.1, Method: GET, Path: /accounts/login/, Device: Mobile, OS: Other, Browser: Python Requests
2025-05-18 17:58:19,501 - IP: 127.0.0.1, Method: GET, Path: /accounts/login/, Device: Mobile, OS: Other, Browser: Python Requests
2025-05-18 17:58:19,510 - IP: 127.0.0.1, Method: GET, Path: /accounts/login/, Device: Mobile, OS: Other, Browser: Python Requests
2025-05-18 17:58:19,518 - IP: 127.0.0.1, Method: GET, Path: /accounts/login/, Device: Mobile, OS: Other, Browser: Python Requests
2025-05-18 17:58:19,528 - IP: 127.0.0.1, Method: GET, Path: /accounts/login/, Device: Mobile, OS: Other, Browser: Python Requests
2025-05-18 17:58:19,536 - SUSPICIOUS ACCESS: IP: 127.0.0.1, Method: GET, Path: /accounts/login/, Device: Mobile, OS: Other, Browser: Python Requests, Access Count: 21 in 1 minute
2025-05-18 17:58:36,385 - IP: 127.0.0.1, Method: GET, Path: /accounts/login/, Device: Mobile, OS: Other, Browser: Python Requests
2025-05-18 17:58:36,455 - SUSPICIOUS ACCESS: IP: 127.0.0.1, Method: GET, Path: /accounts/login/, Device: Mobile, OS: Other, Browser: Python Requests, Access Count: 22 in 1 minute
2025-05-18 17:58:39,920 - IP: 127.0.0.1, Method: GET, Path: /accounts/login/, Device: Mobile, OS: Other, Browser: Python Requests
2025-05-18 17:58:39,939 - SUSPICIOUS ACCESS: IP: 127.0.0.1, Method: GET, Path: /accounts/login/, Device: Mobile, OS: Other, Browser: Python Requests, Access Count: 23 in 1 minute
2025-05-18 17:58:43,523 - IP: 127.0.0.1, Method: GET, Path: /accounts/login/, Device: Mobile, OS: Other, Browser: Python Requests
2025-05-18 17:58:43,546 - SUSPICIOUS ACCESS: IP: 127.0.0.1, Method: GET, Path: /accounts/login/, Device: Mobile, OS: Other, Browser: Python Requests, Access Count: 24 in 1 minute
2025-05-18 17:58:47,099 - IP: 127.0.0.1, Method: GET, Path: /accounts/login/, Device: Mobile, OS: Other, Browser: Python Requests
2025-05-18 17:58:47,118 - SUSPICIOUS ACCESS: IP: 127.0.0.1, Method: GET, Path: /accounts/login/, Device: Mobile, OS: Other, Browser: Python Requests, Access Count: 25 in 1 minute
2025-05-18 17:58:51,050 - IP: 127.0.0.1, Method: GET, Path: /accounts/login/, Device: Mobile, OS: Other, Browser: Python Requests
2025-05-18 17:58:51,068 - SUSPICIOUS ACCESS: IP: 127.0.0.1, Method: GET, Path: /accounts/login/, Device: Mobile, OS: Other, Browser: Python Requests, Access Count: 26 in 1 minute
2025-05-18 17:58:54,679 - IP: 127.0.0.1, Method: GET, Path: /accounts/login/, Device: Mobile, OS: Other, Browser: Python Requests
2025-05-18 17:58:54,700 - SUSPICIOUS ACCESS: IP: 127.0.0.1, Method: GET, Path: /accounts/login/, Device: Mobile, OS: Other, Browser: Python Requests, Access Count: 27 in 1 minute
2025-05-18 17:58:58,286 - IP: 127.0.0.1, Method: GET, Path: /accounts/login/, Device: Mobile, OS: Other, Browser: Python Requests
2025-05-18 17:58:58,302 - SUSPICIOUS ACCESS: IP: 127.0.0.1, Method: GET, Path: /accounts/login/, Device: Mobile, OS: Other, Browser: Python Requests, Access Count: 28 in 1 minute
2025-05-18 17:59:02,051 - IP: 127.0.0.1, Method: GET, Path: /accounts/login/, Device: Mobile, OS: Other, Browser: Python Requests
2025-05-18 17:59:02,073 - SUSPICIOUS ACCESS: IP: 127.0.0.1, Method: GET, Path: /accounts/login/, Device: Mobile, OS: Other, Browser: Python Requests, Access Count: 29 in 1 minute
2025-05-18 17:59:05,680 - IP: 127.0.0.1, Method: GET, Path: /accounts/login/, Device: Mobile, OS: Other, Browser: Python Requests
2025-05-18 17:59:05,701 - SUSPICIOUS ACCESS: IP: 127.0.0.1, Method: GET, Path: /accounts/login/, Device: Mobile, OS: Other, Browser: Python Requests, Access Count: 30 in 1 minute
2025-05-18 17:59:09,370 - IP: 127.0.0.1, Method: GET, Path: /accounts/login/, Device: Mobile, OS: Other, Browser: Python Requests
2025-05-18 17:59:41,840 - IP: 127.0.0.1, Method: GET, Path: /accounts/login/, Device: Mobile, OS: Other, Browser: Python Requests
2025-05-18 17:59:41,862 - IP: 127.0.0.1, Method: GET, Path: /accounts/login/, Device: Mobile, OS: Other, Browser: Python Requests
2025-05-18 17:59:41,874 - IP: 127.0.0.1, Method: GET, Path: /accounts/login/, Device: Mobile, OS: Other, Browser: Python Requests
2025-05-18 17:59:41,881 - IP: 127.0.0.1, Method: GET, Path: /accounts/login/, Device: Mobile, OS: Other, Browser: Python Requests
2025-05-18 17:59:41,892 - IP: 127.0.0.1, Method: GET, Path: /accounts/login/, Device: Mobile, OS: Other, Browser: Python Requests
2025-05-18 17:59:41,901 - IP: 127.0.0.1, Method: GET, Path: /accounts/login/, Device: Mobile, OS: Other, Browser: Python Requests
2025-05-18 17:59:41,911 - IP: 127.0.0.1, Method: GET, Path: /accounts/login/, Device: Mobile, OS: Other, Browser: Python Requests
2025-05-18 17:59:41,921 - IP: 127.0.0.1, Method: GET, Path: /accounts/login/, Device: Mobile, OS: Other, Browser: Python Requests
2025-05-18 17:59:41,929 - IP: 127.0.0.1, Method: GET, Path: /accounts/login/, Device: Mobile, OS: Other, Browser: Python Requests
2025-05-18 17:59:41,939 - IP: 127.0.0.1, Method: GET, Path: /accounts/login/, Device: Mobile, OS: Other, Browser: Python Requests
2025-05-18 17:59:41,949 - IP: 127.0.0.1, Method: GET, Path: /accounts/login/, Device: Mobile, OS: Other, Browser: Python Requests
2025-05-18 17:59:41,957 - IP: 127.0.0.1, Method: GET, Path: /accounts/login/, Device: Mobile, OS: Other, Browser: Python Requests
2025-05-18 17:59:41,965 - IP: 127.0.0.1, Method: GET, Path: /accounts/login/, Device: Mobile, OS: Other, Browser: Python Requests
2025-05-18 17:59:41,977 - IP: 127.0.0.1, Method: GET, Path: /accounts/login/, Device: Mobile, OS: Other, Browser: Python Requests
2025-05-18 17:59:41,987 - IP: 127.0.0.1, Method: GET, Path: /accounts/login/, Device: Mobile, OS: Other, Browser: Python Requests
2025-05-18 17:59:41,999 - IP: 127.0.0.1, Method: GET, Path: /accounts/login/, Device: Mobile, OS: Other, Browser: Python Requests
2025-05-18 17:59:42,008 - IP: 127.0.0.1, Method: GET, Path: /accounts/login/, Device: Mobile, OS: Other, Browser: Python Requests
2025-05-18 17:59:42,019 - IP: 127.0.0.1, Method: GET, Path: /accounts/login/, Device: Mobile, OS: Other, Browser: Python Requests
2025-05-18 17:59:42,028 - IP: 127.0.0.1, Method: GET, Path: /accounts/login/, Device: Mobile, OS: Other, Browser: Python Requests
2025-05-18 17:59:42,037 - IP: 127.0.0.1, Method: GET, Path: /accounts/login/, Device: Mobile, OS: Other, Browser: Python Requests
2025-05-18 17:59:42,048 - SUSPICIOUS ACCESS: IP: 127.0.0.1, Method: GET, Path: /accounts/login/, Device: Mobile, OS: Other, Browser: Python Requests, Access Count: 21 in 1 minute
2025-05-18 18:00:06,239 - IP: 127.0.0.1, Method: GET, Path: /accounts/login/, Device: Mobile, OS: Other, Browser: Python Requests
2025-05-18 18:00:06,257 - SUSPICIOUS ACCESS: IP: 127.0.0.1, Method: GET, Path: /accounts/login/, Device: Mobile, OS: Other, Browser: Python Requests, Access Count: 22 in 1 minute
2025-05-18 18:00:09,936 - IP: 127.0.0.1, Method: GET, Path: /accounts/login/, Device: Mobile, OS: Other, Browser: Python Requests
2025-05-18 18:00:09,957 - SUSPICIOUS ACCESS: IP: 127.0.0.1, Method: GET, Path: /accounts/login/, Device: Mobile, OS: Other, Browser: Python Requests, Access Count: 23 in 1 minute
2025-05-18 18:00:13,837 - IP: 127.0.0.1, Method: GET, Path: /accounts/login/, Device: Mobile, OS: Other, Browser: Python Requests
2025-05-18 18:00:13,855 - SUSPICIOUS ACCESS: IP: 127.0.0.1, Method: GET, Path: /accounts/login/, Device: Mobile, OS: Other, Browser: Python Requests, Access Count: 24 in 1 minute
2025-05-18 18:00:17,441 - IP: 127.0.0.1, Method: GET, Path: /accounts/login/, Device: Mobile, OS: Other, Browser: Python Requests
2025-05-18 18:00:17,459 - SUSPICIOUS ACCESS: IP: 127.0.0.1, Method: GET, Path: /accounts/login/, Device: Mobile, OS: Other, Browser: Python Requests, Access Count: 25 in 1 minute
2025-05-18 18:00:21,043 - IP: 127.0.0.1, Method: GET, Path: /accounts/login/, Device: Mobile, OS: Other, Browser: Python Requests
2025-05-18 18:00:21,064 - SUSPICIOUS ACCESS: IP: 127.0.0.1, Method: GET, Path: /accounts/login/, Device: Mobile, OS: Other, Browser: Python Requests, Access Count: 26 in 1 minute
2025-05-18 18:00:24,481 - IP: 127.0.0.1, Method: GET, Path: /accounts/login/, Device: Mobile, OS: Other, Browser: Python Requests
2025-05-18 18:00:24,502 - SUSPICIOUS ACCESS: IP: 127.0.0.1, Method: GET, Path: /accounts/login/, Device: Mobile, OS: Other, Browser: Python Requests, Access Count: 27 in 1 minute
2025-05-18 18:00:28,056 - IP: 127.0.0.1, Method: GET, Path: /accounts/login/, Device: Mobile, OS: Other, Browser: Python Requests
2025-05-18 18:00:28,073 - SUSPICIOUS ACCESS: IP: 127.0.0.1, Method: GET, Path: /accounts/login/, Device: Mobile, OS: Other, Browser: Python Requests, Access Count: 28 in 1 minute
2025-05-18 18:00:31,726 - IP: 127.0.0.1, Method: GET, Path: /accounts/login/, Device: Mobile, OS: Other, Browser: Python Requests
2025-05-18 18:00:31,748 - SUSPICIOUS ACCESS: IP: 127.0.0.1, Method: GET, Path: /accounts/login/, Device: Mobile, OS: Other, Browser: Python Requests, Access Count: 29 in 1 minute
2025-05-18 18:00:35,411 - IP: 127.0.0.1, Method: GET, Path: /accounts/login/, Device: Mobile, OS: Other, Browser: Python Requests
2025-05-18 18:00:35,431 - SUSPICIOUS ACCESS: IP: 127.0.0.1, Method: GET, Path: /accounts/login/, Device: Mobile, OS: Other, Browser: Python Requests, Access Count: 30 in 1 minute
2025-05-18 18:00:39,010 - IP: 127.0.0.1, Method: GET, Path: /accounts/login/, Device: Mobile, OS: Other, Browser: Python Requests
2025-05-18 18:03:21,494 - IP: 127.0.0.1, Method: GET, Path: /accounts/login/, Device: Mobile, OS: Other, Browser: Python Requests
2025-05-18 18:03:21,504 - IP: 127.0.0.1, Method: GET, Path: /accounts/login/, Device: Mobile, OS: Other, Browser: Python Requests
2025-05-18 18:03:21,516 - IP: 127.0.0.1, Method: GET, Path: /accounts/login/, Device: Mobile, OS: Other, Browser: Python Requests
2025-05-18 18:03:21,526 - IP: 127.0.0.1, Method: GET, Path: /accounts/login/, Device: Mobile, OS: Other, Browser: Python Requests
2025-05-18 18:03:21,536 - IP: 127.0.0.1, Method: GET, Path: /accounts/login/, Device: Mobile, OS: Other, Browser: Python Requests
2025-05-18 18:03:21,546 - IP: 127.0.0.1, Method: GET, Path: /accounts/login/, Device: Mobile, OS: Other, Browser: Python Requests
2025-05-18 18:03:21,554 - IP: 127.0.0.1, Method: GET, Path: /accounts/login/, Device: Mobile, OS: Other, Browser: Python Requests
2025-05-18 18:03:21,565 - IP: 127.0.0.1, Method: GET, Path: /accounts/login/, Device: Mobile, OS: Other, Browser: Python Requests
2025-05-18 18:03:21,577 - IP: 127.0.0.1, Method: GET, Path: /accounts/login/, Device: Mobile, OS: Other, Browser: Python Requests
2025-05-18 18:03:21,588 - IP: 127.0.0.1, Method: GET, Path: /accounts/login/, Device: Mobile, OS: Other, Browser: Python Requests
2025-05-18 18:03:21,600 - IP: 127.0.0.1, Method: GET, Path: /accounts/login/, Device: Mobile, OS: Other, Browser: Python Requests
2025-05-18 18:03:21,614 - IP: 127.0.0.1, Method: GET, Path: /accounts/login/, Device: Mobile, OS: Other, Browser: Python Requests
2025-05-18 18:03:21,624 - IP: 127.0.0.1, Method: GET, Path: /accounts/login/, Device: Mobile, OS: Other, Browser: Python Requests
2025-05-18 18:03:21,636 - IP: 127.0.0.1, Method: GET, Path: /accounts/login/, Device: Mobile, OS: Other, Browser: Python Requests
2025-05-18 18:03:21,649 - IP: 127.0.0.1, Method: GET, Path: /accounts/login/, Device: Mobile, OS: Other, Browser: Python Requests
2025-05-18 18:03:21,660 - IP: 127.0.0.1, Method: GET, Path: /accounts/login/, Device: Mobile, OS: Other, Browser: Python Requests
2025-05-18 18:03:21,669 - IP: 127.0.0.1, Method: GET, Path: /accounts/login/, Device: Mobile, OS: Other, Browser: Python Requests
2025-05-18 18:03:21,680 - IP: 127.0.0.1, Method: GET, Path: /accounts/login/, Device: Mobile, OS: Other, Browser: Python Requests
2025-05-18 18:03:21,688 - IP: 127.0.0.1, Method: GET, Path: /accounts/login/, Device: Mobile, OS: Other, Browser: Python Requests
2025-05-18 18:03:21,698 - IP: 127.0.0.1, Method: GET, Path: /accounts/login/, Device: Mobile, OS: Other, Browser: Python Requests
2025-05-18 18:03:21,705 - SUSPICIOUS ACCESS: IP: 127.0.0.1, Method: GET, Path: /accounts/login/, Device: Mobile, OS: Other, Browser: Python Requests, Access Count: 21 in 1 minute
2025-05-18 18:03:25,319 - IP: 127.0.0.1, Method: GET, Path: /accounts/login/, Device: Mobile, OS: Other, Browser: Python Requests
2025-05-18 18:03:25,336 - SUSPICIOUS ACCESS: IP: 127.0.0.1, Method: GET, Path: /accounts/login/, Device: Mobile, OS: Other, Browser: Python Requests, Access Count: 22 in 1 minute
2025-05-18 18:03:29,104 - IP: 127.0.0.1, Method: GET, Path: /accounts/login/, Device: Mobile, OS: Other, Browser: Python Requests
2025-05-18 18:03:29,120 - SUSPICIOUS ACCESS: IP: 127.0.0.1, Method: GET, Path: /accounts/login/, Device: Mobile, OS: Other, Browser: Python Requests, Access Count: 23 in 1 minute
2025-05-18 18:03:33,092 - IP: 127.0.0.1, Method: GET, Path: /accounts/login/, Device: Mobile, OS: Other, Browser: Python Requests
2025-05-18 18:03:33,102 - SUSPICIOUS ACCESS: IP: 127.0.0.1, Method: GET, Path: /accounts/login/, Device: Mobile, OS: Other, Browser: Python Requests, Access Count: 24 in 1 minute
2025-05-18 18:03:36,812 - IP: 127.0.0.1, Method: GET, Path: /accounts/login/, Device: Mobile, OS: Other, Browser: Python Requests
2025-05-18 18:03:36,824 - SUSPICIOUS ACCESS: IP: 127.0.0.1, Method: GET, Path: /accounts/login/, Device: Mobile, OS: Other, Browser: Python Requests, Access Count: 25 in 1 minute
2025-05-18 18:03:40,463 - IP: 127.0.0.1, Method: GET, Path: /accounts/login/, Device: Mobile, OS: Other, Browser: Python Requests
2025-05-18 18:03:40,470 - SUSPICIOUS ACCESS: IP: 127.0.0.1, Method: GET, Path: /accounts/login/, Device: Mobile, OS: Other, Browser: Python Requests, Access Count: 26 in 1 minute
2025-05-18 18:03:44,215 - IP: 127.0.0.1, Method: GET, Path: /accounts/login/, Device: Mobile, OS: Other, Browser: Python Requests
2025-05-18 18:03:44,234 - SUSPICIOUS ACCESS: IP: 127.0.0.1, Method: GET, Path: /accounts/login/, Device: Mobile, OS: Other, Browser: Python Requests, Access Count: 27 in 1 minute
2025-05-18 18:03:47,759 - IP: 127.0.0.1, Method: GET, Path: /accounts/login/, Device: Mobile, OS: Other, Browser: Python Requests
2025-05-18 18:03:47,778 - SUSPICIOUS ACCESS: IP: 127.0.0.1, Method: GET, Path: /accounts/login/, Device: Mobile, OS: Other, Browser: Python Requests, Access Count: 28 in 1 minute
2025-05-18 18:03:51,491 - IP: 127.0.0.1, Method: GET, Path: /accounts/login/, Device: Mobile, OS: Other, Browser: Python Requests
2025-05-18 18:03:51,509 - SUSPICIOUS ACCESS: IP: 127.0.0.1, Method: GET, Path: /accounts/login/, Device: Mobile, OS: Other, Browser: Python Requests, Access Count: 29 in 1 minute
2025-05-18 18:03:55,327 - IP: 127.0.0.1, Method: GET, Path: /accounts/login/, Device: Mobile, OS: Other, Browser: Python Requests
2025-05-18 18:03:55,347 - SUSPICIOUS ACCESS: IP: 127.0.0.1, Method: GET, Path: /accounts/login/, Device: Mobile, OS: Other, Browser: Python Requests, Access Count: 30 in 1 minute
2025-05-18 18:03:58,969 - IP: 127.0.0.1, Method: GET, Path: /accounts/login/, Device: Mobile, OS: Other, Browser: Python Requests
2025-05-18 18:07:54,215 - D:\app\rencana\bkad\middlewares\access_logger.py changed, reloading.
2025-05-18 18:09:08,513 - D:\app\rencana\bkad\middlewares\access_logger.py changed, reloading.
2025-05-18 18:09:29,860 - D:\app\rencana\bkad\middlewares\access_logger.py changed, reloading.
2025-05-18 18:10:09,022 - D:\app\rencana\bkad\middlewares\access_logger.py changed, reloading.
2025-05-18 18:10:41,550 - D:\app\rencana\bkad\core\settings.py changed, reloading.
2025-05-20 15:32:03,549 - IP: 127.0.0.1, Method: GET, Path: /accounts/login/, Device: PC, OS: Windows, Browser: Chrome
2025-05-20 15:32:09,240 - IP: 127.0.0.1, Method: GET, Path: /accounts/login/, Device: PC, OS: Windows, Browser: Chrome
2025-05-20 15:32:21,467 - IP: 127.0.0.1, Method: POST, Path: /accounts/login/, Device: PC, OS: Windows, Browser: Chrome
2025-05-20 15:32:32,893 - IP: 127.0.0.1, Method: POST, Path: /accounts/login/, Device: PC, OS: Windows, Browser: Chrome
2025-05-20 15:33:55,528 - IP: 127.0.0.1, Method: POST, Path: /accounts/login/, Device: PC, OS: Windows, Browser: Chrome
2025-05-20 15:35:01,004 - IP: 127.0.0.1, Method: GET, Path: /accounts/login/, Device: PC, OS: Windows, Browser: Chrome
2025-05-20 15:37:33,009 - IP: 127.0.0.1, Method: GET, Path: /accounts/login/, Device: PC, OS: Windows, Browser: Chrome
2025-05-20 15:38:10,764 - IP: 127.0.0.1, Method: POST, Path: /accounts/login/, Device: PC, OS: Windows, Browser: Chrome
2025-05-20 15:38:11,436 - IP: 127.0.0.1, Method: GET, Path: /, Device: PC, OS: Windows, Browser: Chrome
2025-05-20 15:38:17,463 - IP: 127.0.0.1, Method: GET, Path: /admin/, Device: PC, OS: Windows, Browser: Chrome
2025-05-20 15:39:10,730 - IP: 127.0.0.1, Method: GET, Path: /admin/base/opd/, Device: PC, OS: Windows, Browser: Chrome
2025-05-20 15:39:10,921 - IP: 127.0.0.1, Method: GET, Path: /admin/jsi18n/, Device: PC, OS: Windows, Browser: Chrome
2025-05-20 15:39:12,705 - IP: 127.0.0.1, Method: GET, Path: /admin/base/opd/add/, Device: PC, OS: Windows, Browser: Chrome
2025-05-20 15:39:25,488 - IP: 127.0.0.1, Method: POST, Path: /admin/base/opd/add/, Device: PC, OS: Windows, Browser: Chrome
2025-05-20 15:39:25,541 - IP: 127.0.0.1, Method: GET, Path: /admin/base/opd/, Device: PC, OS: Windows, Browser: Chrome
2025-05-20 15:39:25,689 - IP: 127.0.0.1, Method: GET, Path: /admin/jsi18n/, Device: PC, OS: Windows, Browser: Chrome
2025-05-20 15:39:29,088 - IP: 127.0.0.1, Method: GET, Path: /admin/base/menu/, Device: PC, OS: Windows, Browser: Chrome
2025-05-20 15:39:29,203 - IP: 127.0.0.1, Method: GET, Path: /admin/jsi18n/, Device: PC, OS: Windows, Browser: Chrome
2025-05-20 15:39:30,684 - IP: 127.0.0.1, Method: GET, Path: /admin/base/menu/add/, Device: PC, OS: Windows, Browser: Chrome
2025-05-20 15:39:36,451 - IP: 127.0.0.1, Method: GET, Path: /admin/base/menu/add/, Device: PC, OS: Windows, Browser: Chrome
2025-05-20 15:39:38,975 - IP: 127.0.0.1, Method: GET, Path: /icon-tabler/, Device: PC, OS: Windows, Browser: Chrome
2025-05-20 15:40:06,216 - IP: 127.0.0.1, Method: POST, Path: /admin/base/menu/add/, Device: PC, OS: Windows, Browser: Chrome
2025-05-20 15:40:06,279 - IP: 127.0.0.1, Method: GET, Path: /admin/base/menu/, Device: PC, OS: Windows, Browser: Chrome
2025-05-20 15:40:06,398 - IP: 127.0.0.1, Method: GET, Path: /admin/jsi18n/, Device: PC, OS: Windows, Browser: Chrome
2025-05-20 15:40:17,553 - IP: 127.0.0.1, Method: GET, Path: /admin/base/submenu/, Device: PC, OS: Windows, Browser: Chrome
2025-05-20 15:40:17,675 - IP: 127.0.0.1, Method: GET, Path: /admin/jsi18n/, Device: PC, OS: Windows, Browser: Chrome
2025-05-20 15:40:19,305 - IP: 127.0.0.1, Method: GET, Path: /admin/base/menu/, Device: PC, OS: Windows, Browser: Chrome
2025-05-20 15:40:19,412 - IP: 127.0.0.1, Method: GET, Path: /admin/jsi18n/, Device: PC, OS: Windows, Browser: Chrome
2025-05-20 15:40:25,021 - IP: 127.0.0.1, Method: GET, Path: /admin/base/menu/add/, Device: PC, OS: Windows, Browser: Chrome
2025-05-20 15:41:01,197 - IP: 127.0.0.1, Method: POST, Path: /admin/base/menu/add/, Device: PC, OS: Windows, Browser: Chrome
2025-05-20 15:41:01,240 - IP: 127.0.0.1, Method: GET, Path: /admin/base/menu/, Device: PC, OS: Windows, Browser: Chrome
2025-05-20 15:41:01,354 - IP: 127.0.0.1, Method: GET, Path: /admin/jsi18n/, Device: PC, OS: Windows, Browser: Chrome
2025-05-20 15:41:34,123 - IP: 127.0.0.1, Method: GET, Path: /admin/base/submenu/, Device: PC, OS: Windows, Browser: Chrome
2025-05-20 15:41:34,265 - IP: 127.0.0.1, Method: GET, Path: /admin/jsi18n/, Device: PC, OS: Windows, Browser: Chrome
2025-05-20 15:41:35,602 - IP: 127.0.0.1, Method: GET, Path: /admin/base/submenu/add/, Device: PC, OS: Windows, Browser: Chrome
2025-05-20 15:41:49,083 - IP: 127.0.0.1, Method: POST, Path: /admin/base/submenu/add/, Device: PC, OS: Windows, Browser: Chrome
2025-05-20 15:41:49,135 - IP: 127.0.0.1, Method: GET, Path: /admin/base/submenu/, Device: PC, OS: Windows, Browser: Chrome
2025-05-20 15:41:49,239 - IP: 127.0.0.1, Method: GET, Path: /admin/jsi18n/, Device: PC, OS: Windows, Browser: Chrome
2025-05-20 15:41:52,320 - IP: 127.0.0.1, Method: GET, Path: /admin/base/submenu/add/, Device: PC, OS: Windows, Browser: Chrome
2025-05-20 15:42:16,282 - IP: 127.0.0.1, Method: POST, Path: /admin/base/submenu/add/, Device: PC, OS: Windows, Browser: Chrome
2025-05-20 15:42:16,349 - IP: 127.0.0.1, Method: GET, Path: /admin/base/submenu/, Device: PC, OS: Windows, Browser: Chrome
2025-05-20 15:42:16,457 - IP: 127.0.0.1, Method: GET, Path: /admin/jsi18n/, Device: PC, OS: Windows, Browser: Chrome
2025-05-20 15:44:07,574 - IP: 127.0.0.1, Method: GET, Path: /admin/base/role/, Device: PC, OS: Windows, Browser: Chrome
2025-05-20 15:44:07,736 - IP: 127.0.0.1, Method: GET, Path: /admin/jsi18n/, Device: PC, OS: Windows, Browser: Chrome
2025-05-20 15:44:09,940 - IP: 127.0.0.1, Method: GET, Path: /admin/base/role/add/, Device: PC, OS: Windows, Browser: Chrome
2025-05-20 15:44:17,785 - IP: 127.0.0.1, Method: POST, Path: /admin/base/role/add/, Device: PC, OS: Windows, Browser: Chrome
2025-05-20 15:44:17,852 - IP: 127.0.0.1, Method: GET, Path: /admin/base/role/, Device: PC, OS: Windows, Browser: Chrome
2025-05-20 15:44:17,990 - IP: 127.0.0.1, Method: GET, Path: /admin/jsi18n/, Device: PC, OS: Windows, Browser: Chrome
2025-05-20 15:44:20,866 - IP: 127.0.0.1, Method: GET, Path: /admin/base/role/add/, Device: PC, OS: Windows, Browser: Chrome
2025-05-20 15:44:38,902 - IP: 127.0.0.1, Method: POST, Path: /admin/base/role/add/, Device: PC, OS: Windows, Browser: Chrome
2025-05-20 15:44:38,965 - IP: 127.0.0.1, Method: GET, Path: /admin/base/role/, Device: PC, OS: Windows, Browser: Chrome
2025-05-20 15:44:39,092 - IP: 127.0.0.1, Method: GET, Path: /admin/jsi18n/, Device: PC, OS: Windows, Browser: Chrome
2025-05-20 15:44:39,955 - IP: 127.0.0.1, Method: GET, Path: /keepalive/, Device: PC, OS: Windows, Browser: Chrome
2025-05-20 15:44:57,667 - IP: 127.0.0.1, Method: GET, Path: /admin/base/rolepermission/, Device: PC, OS: Windows, Browser: Chrome
2025-05-20 15:44:57,762 - IP: 127.0.0.1, Method: GET, Path: /admin/jsi18n/, Device: PC, OS: Windows, Browser: Chrome
2025-05-20 15:44:59,139 - IP: 127.0.0.1, Method: GET, Path: /admin/base/rolepermission/add/, Device: PC, OS: Windows, Browser: Chrome
2025-05-20 15:45:22,654 - IP: 127.0.0.1, Method: POST, Path: /admin/base/rolepermission/add/, Device: PC, OS: Windows, Browser: Chrome
2025-05-20 15:45:22,717 - IP: 127.0.0.1, Method: GET, Path: /admin/base/rolepermission/, Device: PC, OS: Windows, Browser: Chrome
2025-05-20 15:45:22,873 - IP: 127.0.0.1, Method: GET, Path: /admin/jsi18n/, Device: PC, OS: Windows, Browser: Chrome
2025-05-20 15:45:27,972 - IP: 127.0.0.1, Method: GET, Path: /admin/base/submenu/, Device: PC, OS: Windows, Browser: Chrome
2025-05-20 15:45:28,081 - IP: 127.0.0.1, Method: GET, Path: /admin/jsi18n/, Device: PC, OS: Windows, Browser: Chrome
2025-05-20 15:45:30,662 - IP: 127.0.0.1, Method: GET, Path: /admin/base/submenu/add/, Device: PC, OS: Windows, Browser: Chrome
2025-05-20 15:45:54,702 - IP: 127.0.0.1, Method: POST, Path: /admin/base/submenu/add/, Device: PC, OS: Windows, Browser: Chrome
2025-05-20 15:45:54,785 - IP: 127.0.0.1, Method: GET, Path: /admin/base/submenu/, Device: PC, OS: Windows, Browser: Chrome
2025-05-20 15:45:54,897 - IP: 127.0.0.1, Method: GET, Path: /admin/jsi18n/, Device: PC, OS: Windows, Browser: Chrome
2025-05-20 15:45:59,393 - IP: 127.0.0.1, Method: GET, Path: /admin/base/submenu/add/, Device: PC, OS: Windows, Browser: Chrome
2025-05-20 15:49:40,949 - IP: 127.0.0.1, Method: GET, Path: /keepalive/, Device: PC, OS: Windows, Browser: Chrome
2025-05-20 15:50:59,569 - IP: 127.0.0.1, Method: GET, Path: /keepalive/, Device: PC, OS: Windows, Browser: Chrome
2025-05-20 15:52:31,165 - IP: 127.0.0.1, Method: GET, Path: /admin/base/submenu/, Device: PC, OS: Windows, Browser: Chrome
2025-05-20 15:52:37,128 - IP: 127.0.0.1, Method: GET, Path: /admin/base/submenu/3/change/, Device: PC, OS: Windows, Browser: Chrome
2025-05-20 15:52:44,140 - IP: 127.0.0.1, Method: POST, Path: /admin/base/submenu/3/change/, Device: PC, OS: Windows, Browser: Chrome
2025-05-20 15:52:44,190 - IP: 127.0.0.1, Method: GET, Path: /admin/base/submenu/, Device: PC, OS: Windows, Browser: Chrome
2025-05-20 15:52:44,303 - IP: 127.0.0.1, Method: GET, Path: /admin/jsi18n/, Device: PC, OS: Windows, Browser: Chrome
2025-05-20 15:52:58,971 - IP: 127.0.0.1, Method: GET, Path: /admin/base/submenu/add/, Device: PC, OS: Windows, Browser: Chrome
2025-05-20 15:53:52,285 - IP: 127.0.0.1, Method: POST, Path: /admin/base/submenu/add/, Device: PC, OS: Windows, Browser: Chrome
2025-05-20 15:53:52,345 - IP: 127.0.0.1, Method: GET, Path: /admin/base/submenu/, Device: PC, OS: Windows, Browser: Chrome
2025-05-20 15:53:52,483 - IP: 127.0.0.1, Method: GET, Path: /admin/jsi18n/, Device: PC, OS: Windows, Browser: Chrome
2025-05-20 15:54:12,984 - IP: 127.0.0.1, Method: GET, Path: /admin/base/submenu/add/, Device: PC, OS: Windows, Browser: Chrome
2025-05-20 15:54:29,254 - IP: 127.0.0.1, Method: POST, Path: /admin/base/submenu/add/, Device: PC, OS: Windows, Browser: Chrome
2025-05-20 15:54:29,306 - IP: 127.0.0.1, Method: GET, Path: /admin/base/submenu/, Device: PC, OS: Windows, Browser: Chrome
2025-05-20 15:54:29,434 - IP: 127.0.0.1, Method: GET, Path: /admin/jsi18n/, Device: PC, OS: Windows, Browser: Chrome
2025-05-20 15:54:35,168 - IP: 127.0.0.1, Method: GET, Path: /admin/base/submenu/5/change/, Device: PC, OS: Windows, Browser: Chrome
2025-05-20 15:54:41,941 - IP: 127.0.0.1, Method: GET, Path: /keepalive/, Device: PC, OS: Windows, Browser: Chrome
2025-05-20 15:54:42,802 - IP: 127.0.0.1, Method: POST, Path: /admin/base/submenu/5/change/, Device: PC, OS: Windows, Browser: Chrome
2025-05-20 15:54:42,862 - IP: 127.0.0.1, Method: GET, Path: /admin/base/submenu/, Device: PC, OS: Windows, Browser: Chrome
2025-05-20 15:54:42,978 - IP: 127.0.0.1, Method: GET, Path: /admin/jsi18n/, Device: PC, OS: Windows, Browser: Chrome
2025-05-20 15:55:07,292 - IP: 127.0.0.1, Method: GET, Path: /admin/base/submenu/add/, Device: PC, OS: Windows, Browser: Chrome
2025-05-20 15:55:34,161 - IP: 127.0.0.1, Method: POST, Path: /admin/base/submenu/add/, Device: PC, OS: Windows, Browser: Chrome
2025-05-20 15:55:34,205 - IP: 127.0.0.1, Method: GET, Path: /admin/base/submenu/, Device: PC, OS: Windows, Browser: Chrome
2025-05-20 15:55:34,340 - IP: 127.0.0.1, Method: GET, Path: /admin/jsi18n/, Device: PC, OS: Windows, Browser: Chrome
2025-05-20 15:55:38,189 - IP: 127.0.0.1, Method: GET, Path: /admin/base/submenu/6/change/, Device: PC, OS: Windows, Browser: Chrome
2025-05-20 15:55:41,684 - IP: 127.0.0.1, Method: POST, Path: /admin/base/submenu/6/change/, Device: PC, OS: Windows, Browser: Chrome
2025-05-20 15:55:41,755 - IP: 127.0.0.1, Method: GET, Path: /admin/base/submenu/, Device: PC, OS: Windows, Browser: Chrome
2025-05-20 15:55:41,877 - IP: 127.0.0.1, Method: GET, Path: /admin/jsi18n/, Device: PC, OS: Windows, Browser: Chrome
2025-05-20 15:56:00,755 - IP: 127.0.0.1, Method: GET, Path: /admin/base/submenu/add/, Device: PC, OS: Windows, Browser: Chrome
2025-05-20 15:56:14,965 - IP: 127.0.0.1, Method: POST, Path: /admin/base/submenu/add/, Device: PC, OS: Windows, Browser: Chrome
2025-05-20 15:56:15,027 - IP: 127.0.0.1, Method: GET, Path: /admin/base/submenu/, Device: PC, OS: Windows, Browser: Chrome
2025-05-20 15:56:15,139 - IP: 127.0.0.1, Method: GET, Path: /admin/jsi18n/, Device: PC, OS: Windows, Browser: Chrome
2025-05-20 15:56:34,337 - IP: 127.0.0.1, Method: GET, Path: /admin/base/menuaccess/, Device: PC, OS: Windows, Browser: Chrome
2025-05-20 15:56:34,451 - IP: 127.0.0.1, Method: GET, Path: /admin/jsi18n/, Device: PC, OS: Windows, Browser: Chrome
2025-05-20 15:56:35,825 - IP: 127.0.0.1, Method: GET, Path: /admin/base/menuaccess/add/, Device: PC, OS: Windows, Browser: Chrome
2025-05-20 15:56:52,118 - IP: 127.0.0.1, Method: GET, Path: /admin/base/opd/, Device: PC, OS: Windows, Browser: Chrome
2025-05-20 15:56:52,247 - IP: 127.0.0.1, Method: GET, Path: /admin/jsi18n/, Device: PC, OS: Windows, Browser: Chrome
2025-05-20 15:56:54,219 - IP: 127.0.0.1, Method: GET, Path: /admin/base/opd/1/change/, Device: PC, OS: Windows, Browser: Chrome
2025-05-20 15:57:06,517 - IP: 127.0.0.1, Method: POST, Path: /admin/base/opd/1/change/, Device: PC, OS: Windows, Browser: Chrome
2025-05-20 15:57:06,584 - IP: 127.0.0.1, Method: GET, Path: /admin/base/opd/, Device: PC, OS: Windows, Browser: Chrome
2025-05-20 15:57:06,690 - IP: 127.0.0.1, Method: GET, Path: /admin/jsi18n/, Device: PC, OS: Windows, Browser: Chrome
2025-05-20 15:57:09,694 - IP: 127.0.0.1, Method: GET, Path: /admin/base/role/, Device: PC, OS: Windows, Browser: Chrome
2025-05-20 15:57:09,798 - IP: 127.0.0.1, Method: GET, Path: /admin/jsi18n/, Device: PC, OS: Windows, Browser: Chrome
2025-05-20 15:57:13,153 - IP: 127.0.0.1, Method: GET, Path: /admin/base/rolepermission/, Device: PC, OS: Windows, Browser: Chrome
2025-05-20 15:57:13,284 - IP: 127.0.0.1, Method: GET, Path: /admin/jsi18n/, Device: PC, OS: Windows, Browser: Chrome
2025-05-20 15:57:14,454 - IP: 127.0.0.1, Method: GET, Path: /admin/base/rolepermission/1/change/, Device: PC, OS: Windows, Browser: Chrome
2025-05-20 15:57:19,664 - IP: 127.0.0.1, Method: GET, Path: /admin/base/rolepermission/, Device: PC, OS: Windows, Browser: Chrome
2025-05-20 15:57:21,272 - IP: 127.0.0.1, Method: GET, Path: /admin/base/rolepermission/add/, Device: PC, OS: Windows, Browser: Chrome
2025-05-20 15:57:35,337 - IP: 127.0.0.1, Method: POST, Path: /admin/base/rolepermission/add/, Device: PC, OS: Windows, Browser: Chrome
2025-05-20 15:57:35,392 - IP: 127.0.0.1, Method: GET, Path: /admin/base/rolepermission/, Device: PC, OS: Windows, Browser: Chrome
2025-05-20 15:57:35,509 - IP: 127.0.0.1, Method: GET, Path: /admin/jsi18n/, Device: PC, OS: Windows, Browser: Chrome
2025-05-20 15:57:37,470 - IP: 127.0.0.1, Method: GET, Path: /admin/base/rolepermission/add/, Device: PC, OS: Windows, Browser: Chrome
2025-05-20 15:58:01,515 - IP: 127.0.0.1, Method: POST, Path: /admin/base/rolepermission/add/, Device: PC, OS: Windows, Browser: Chrome
2025-05-20 15:58:01,600 - IP: 127.0.0.1, Method: GET, Path: /admin/base/rolepermission/, Device: PC, OS: Windows, Browser: Chrome
2025-05-20 15:58:01,728 - IP: 127.0.0.1, Method: GET, Path: /admin/jsi18n/, Device: PC, OS: Windows, Browser: Chrome
2025-05-20 15:58:18,789 - IP: 127.0.0.1, Method: GET, Path: /admin/base/rolepermission/add/, Device: PC, OS: Windows, Browser: Chrome
2025-05-20 15:58:47,612 - IP: 127.0.0.1, Method: POST, Path: /admin/base/rolepermission/add/, Device: PC, OS: Windows, Browser: Chrome
2025-05-20 15:58:47,675 - IP: 127.0.0.1, Method: GET, Path: /admin/base/rolepermission/, Device: PC, OS: Windows, Browser: Chrome
2025-05-20 15:58:47,806 - IP: 127.0.0.1, Method: GET, Path: /admin/jsi18n/, Device: PC, OS: Windows, Browser: Chrome
2025-05-20 15:58:53,190 - IP: 127.0.0.1, Method: GET, Path: /admin/base/rolepermission/add/, Device: PC, OS: Windows, Browser: Chrome
2025-05-20 15:59:06,982 - IP: 127.0.0.1, Method: POST, Path: /admin/base/rolepermission/add/, Device: PC, OS: Windows, Browser: Chrome
2025-05-20 15:59:07,054 - IP: 127.0.0.1, Method: GET, Path: /admin/base/rolepermission/, Device: PC, OS: Windows, Browser: Chrome
2025-05-20 15:59:07,190 - IP: 127.0.0.1, Method: GET, Path: /admin/jsi18n/, Device: PC, OS: Windows, Browser: Chrome
2025-05-20 15:59:08,804 - IP: 127.0.0.1, Method: GET, Path: /admin/base/rolepermission/add/, Device: PC, OS: Windows, Browser: Chrome
2025-05-20 15:59:19,702 - IP: 127.0.0.1, Method: POST, Path: /admin/base/rolepermission/add/, Device: PC, OS: Windows, Browser: Chrome
2025-05-20 15:59:19,782 - IP: 127.0.0.1, Method: GET, Path: /admin/base/rolepermission/, Device: PC, OS: Windows, Browser: Chrome
2025-05-20 15:59:19,911 - IP: 127.0.0.1, Method: GET, Path: /admin/jsi18n/, Device: PC, OS: Windows, Browser: Chrome
2025-05-20 15:59:21,126 - IP: 127.0.0.1, Method: GET, Path: /admin/base/rolepermission/add/, Device: PC, OS: Windows, Browser: Chrome
2025-05-20 15:59:35,154 - IP: 127.0.0.1, Method: POST, Path: /admin/base/rolepermission/add/, Device: PC, OS: Windows, Browser: Chrome
2025-05-20 15:59:41,412 - IP: 127.0.0.1, Method: POST, Path: /admin/base/rolepermission/add/, Device: PC, OS: Windows, Browser: Chrome
2025-05-20 15:59:41,479 - IP: 127.0.0.1, Method: GET, Path: /admin/base/rolepermission/, Device: PC, OS: Windows, Browser: Chrome
2025-05-20 15:59:41,604 - IP: 127.0.0.1, Method: GET, Path: /admin/jsi18n/, Device: PC, OS: Windows, Browser: Chrome
2025-05-20 15:59:42,944 - IP: 127.0.0.1, Method: GET, Path: /keepalive/, Device: PC, OS: Windows, Browser: Chrome
2025-05-20 15:59:46,274 - IP: 127.0.0.1, Method: GET, Path: /admin/base/rolepermission/add/, Device: PC, OS: Windows, Browser: Chrome
2025-05-20 16:00:00,824 - IP: 127.0.0.1, Method: POST, Path: /admin/base/rolepermission/add/, Device: PC, OS: Windows, Browser: Chrome
2025-05-20 16:00:00,905 - IP: 127.0.0.1, Method: GET, Path: /admin/base/rolepermission/, Device: PC, OS: Windows, Browser: Chrome
2025-05-20 16:00:01,065 - IP: 127.0.0.1, Method: GET, Path: /admin/jsi18n/, Device: PC, OS: Windows, Browser: Chrome
2025-05-20 16:00:04,463 - IP: 127.0.0.1, Method: GET, Path: /admin/base/rolepermission/add/, Device: PC, OS: Windows, Browser: Chrome
2025-05-20 16:00:11,487 - IP: 127.0.0.1, Method: POST, Path: /admin/base/rolepermission/add/, Device: PC, OS: Windows, Browser: Chrome
2025-05-20 16:00:11,545 - IP: 127.0.0.1, Method: GET, Path: /admin/base/rolepermission/, Device: PC, OS: Windows, Browser: Chrome
2025-05-20 16:00:11,705 - IP: 127.0.0.1, Method: GET, Path: /admin/jsi18n/, Device: PC, OS: Windows, Browser: Chrome
2025-05-20 16:00:13,490 - IP: 127.0.0.1, Method: GET, Path: /admin/base/rolepermission/add/, Device: PC, OS: Windows, Browser: Chrome
2025-05-20 16:00:33,785 - IP: 127.0.0.1, Method: POST, Path: /admin/base/rolepermission/add/, Device: PC, OS: Windows, Browser: Chrome
2025-05-20 16:00:33,870 - IP: 127.0.0.1, Method: GET, Path: /admin/base/rolepermission/, Device: PC, OS: Windows, Browser: Chrome
2025-05-20 16:00:34,031 - IP: 127.0.0.1, Method: GET, Path: /admin/jsi18n/, Device: PC, OS: Windows, Browser: Chrome
2025-05-20 16:00:35,805 - IP: 127.0.0.1, Method: GET, Path: /admin/base/rolepermission/add/, Device: PC, OS: Windows, Browser: Chrome
2025-05-20 16:00:47,865 - IP: 127.0.0.1, Method: POST, Path: /admin/base/rolepermission/add/, Device: PC, OS: Windows, Browser: Chrome
2025-05-20 16:00:47,924 - IP: 127.0.0.1, Method: GET, Path: /admin/base/rolepermission/, Device: PC, OS: Windows, Browser: Chrome
2025-05-20 16:00:48,090 - IP: 127.0.0.1, Method: GET, Path: /admin/jsi18n/, Device: PC, OS: Windows, Browser: Chrome
2025-05-20 16:00:49,431 - IP: 127.0.0.1, Method: GET, Path: /admin/base/rolepermission/add/, Device: PC, OS: Windows, Browser: Chrome
2025-05-20 16:00:57,354 - IP: 127.0.0.1, Method: POST, Path: /admin/base/rolepermission/add/, Device: PC, OS: Windows, Browser: Chrome
2025-05-20 16:00:57,413 - IP: 127.0.0.1, Method: GET, Path: /admin/base/rolepermission/, Device: PC, OS: Windows, Browser: Chrome
2025-05-20 16:00:57,587 - IP: 127.0.0.1, Method: GET, Path: /admin/jsi18n/, Device: PC, OS: Windows, Browser: Chrome
2025-05-20 16:01:03,485 - IP: 127.0.0.1, Method: GET, Path: /admin/base/role/, Device: PC, OS: Windows, Browser: Chrome
2025-05-20 16:01:03,602 - IP: 127.0.0.1, Method: GET, Path: /admin/jsi18n/, Device: PC, OS: Windows, Browser: Chrome
2025-05-20 16:01:05,047 - IP: 127.0.0.1, Method: GET, Path: /admin/base/role/add/, Device: PC, OS: Windows, Browser: Chrome
2025-05-20 16:01:11,333 - IP: 127.0.0.1, Method: POST, Path: /admin/base/role/add/, Device: PC, OS: Windows, Browser: Chrome
2025-05-20 16:01:11,395 - IP: 127.0.0.1, Method: GET, Path: /admin/base/role/, Device: PC, OS: Windows, Browser: Chrome
2025-05-20 16:01:11,547 - IP: 127.0.0.1, Method: GET, Path: /admin/jsi18n/, Device: PC, OS: Windows, Browser: Chrome
2025-05-20 16:01:13,170 - IP: 127.0.0.1, Method: GET, Path: /admin/base/rolepermission/, Device: PC, OS: Windows, Browser: Chrome
2025-05-20 16:01:13,336 - IP: 127.0.0.1, Method: GET, Path: /admin/jsi18n/, Device: PC, OS: Windows, Browser: Chrome
2025-05-20 16:01:14,841 - IP: 127.0.0.1, Method: GET, Path: /admin/base/rolepermission/add/, Device: PC, OS: Windows, Browser: Chrome
2025-05-20 16:01:27,071 - SUSPICIOUS ACCESS: IP: 127.0.0.1, Method: POST, Path: /admin/base/rolepermission/add/, Device: PC, OS: Windows, Browser: Chrome, Access Count: 21 in 1 minute
2025-05-20 16:01:33,393 - SUSPICIOUS ACCESS: IP: 127.0.0.1, Method: POST, Path: /admin/base/rolepermission/add/, Device: PC, OS: Windows, Browser: Chrome, Access Count: 22 in 1 minute
2025-05-20 16:01:48,203 - Failed to send alert email: [WinError 10060] A connection attempt failed because the connected party did not properly respond after a period of time, or established connection failed because connected host has failed to respond
2025-05-20 16:01:48,204 - IP: 127.0.0.1, Method: POST, Path: /admin/base/rolepermission/add/, Device: PC, OS: Windows, Browser: Chrome
2025-05-20 16:01:52,408 - IP: 127.0.0.1, Method: POST, Path: /admin/base/rolepermission/add/, Device: PC, OS: Windows, Browser: Chrome
2025-05-20 16:01:54,458 - Failed to send alert email: [WinError 10060] A connection attempt failed because the connected party did not properly respond after a period of time, or established connection failed because connected host has failed to respond
2025-05-20 16:01:54,459 - IP: 127.0.0.1, Method: POST, Path: /admin/base/rolepermission/add/, Device: PC, OS: Windows, Browser: Chrome
2025-05-20 16:02:05,419 - IP: 127.0.0.1, Method: GET, Path: /admin/base/rolepermission/add/, Device: PC, OS: Windows, Browser: Chrome
2025-05-20 16:02:07,267 - IP: 127.0.0.1, Method: GET, Path: /admin/base/rolepermission/, Device: PC, OS: Windows, Browser: Chrome
2025-05-20 16:02:11,965 - IP: 127.0.0.1, Method: GET, Path: /admin/base/rolepermission/, Device: PC, OS: Windows, Browser: Chrome
2025-05-20 16:02:12,144 - IP: 127.0.0.1, Method: GET, Path: /admin/jsi18n/, Device: PC, OS: Windows, Browser: Chrome
2025-05-20 16:02:17,961 - IP: 127.0.0.1, Method: GET, Path: /admin/base/menuaccess/, Device: PC, OS: Windows, Browser: Chrome
2025-05-20 16:02:18,067 - IP: 127.0.0.1, Method: GET, Path: /admin/jsi18n/, Device: PC, OS: Windows, Browser: Chrome
2025-05-20 16:02:19,465 - IP: 127.0.0.1, Method: GET, Path: /admin/base/menuaccess/add/, Device: PC, OS: Windows, Browser: Chrome
2025-05-20 16:04:13,462 - IP: 127.0.0.1, Method: POST, Path: /admin/base/menuaccess/add/, Device: PC, OS: Windows, Browser: Chrome
2025-05-20 16:04:13,532 - IP: 127.0.0.1, Method: GET, Path: /admin/base/menuaccess/, Device: PC, OS: Windows, Browser: Chrome
2025-05-20 16:04:13,675 - IP: 127.0.0.1, Method: GET, Path: /admin/jsi18n/, Device: PC, OS: Windows, Browser: Chrome
2025-05-20 16:04:43,963 - IP: 127.0.0.1, Method: GET, Path: /keepalive/, Device: PC, OS: Windows, Browser: Chrome
2025-05-20 16:07:28,582 - IP: 127.0.0.1, Method: GET, Path: /admin/base/menuaccess/pegawai, Device: PC, OS: Windows, Browser: Chrome
2025-05-20 16:07:28,647 - IP: 127.0.0.1, Method: GET, Path: /admin/base/menuaccess/pegawai/, Device: PC, OS: Windows, Browser: Chrome
2025-05-20 16:07:28,700 - IP: 127.0.0.1, Method: GET, Path: /admin/base/menuaccess/pegawai/change/, Device: PC, OS: Windows, Browser: Chrome
2025-05-20 16:07:28,764 - IP: 127.0.0.1, Method: GET, Path: /admin/, Device: PC, OS: Windows, Browser: Chrome
2025-05-20 16:07:58,922 - IP: 127.0.0.1, Method: GET, Path: /admin/auth/user/, Device: PC, OS: Windows, Browser: Chrome
2025-05-20 16:07:59,067 - IP: 127.0.0.1, Method: GET, Path: /admin/jsi18n/, Device: PC, OS: Windows, Browser: Chrome
2025-05-20 16:08:00,761 - IP: 127.0.0.1, Method: GET, Path: /admin/auth/user/add/, Device: PC, OS: Windows, Browser: Chrome
2025-05-20 16:08:13,295 - IP: 127.0.0.1, Method: POST, Path: /admin/auth/user/add/, Device: PC, OS: Windows, Browser: Chrome
2025-05-20 16:08:29,727 - IP: 127.0.0.1, Method: POST, Path: /admin/auth/user/add/, Device: PC, OS: Windows, Browser: Chrome
2025-05-20 16:08:30,387 - IP: 127.0.0.1, Method: GET, Path: /admin/auth/user/2/change/, Device: PC, OS: Windows, Browser: Chrome
2025-05-20 16:08:44,549 - IP: 127.0.0.1, Method: POST, Path: /admin/auth/user/2/change/, Device: PC, OS: Windows, Browser: Chrome
2025-05-20 16:08:44,627 - IP: 127.0.0.1, Method: GET, Path: /admin/auth/user/, Device: PC, OS: Windows, Browser: Chrome
2025-05-20 16:08:44,734 - IP: 127.0.0.1, Method: GET, Path: /admin/jsi18n/, Device: PC, OS: Windows, Browser: Chrome
2025-05-20 16:08:50,323 - IP: 127.0.0.1, Method: GET, Path: /admin/logout/, Device: PC, OS: Windows, Browser: Chrome
2025-05-20 16:08:50,345 - IP: 127.0.0.1, Method: GET, Path: /accounts/login/, Device: PC, OS: Windows, Browser: Chrome
2025-05-20 16:08:57,775 - IP: 127.0.0.1, Method: POST, Path: /accounts/login/, Device: PC, OS: Windows, Browser: Chrome
2025-05-20 16:08:58,486 - IP: 127.0.0.1, Method: GET, Path: /, Device: PC, OS: Windows, Browser: Chrome
2025-05-20 16:09:44,944 - IP: 127.0.0.1, Method: GET, Path: /keepalive/, Device: PC, OS: Windows, Browser: Chrome
2025-05-20 16:09:46,722 - IP: 127.0.0.1, Method: GET, Path: /accounts/logout/, Device: PC, OS: Windows, Browser: Chrome
2025-05-20 16:09:46,752 - IP: 127.0.0.1, Method: GET, Path: /accounts/login/, Device: PC, OS: Windows, Browser: Chrome
2025-05-20 16:10:29,522 - IP: 127.0.0.1, Method: POST, Path: /accounts/login/, Device: PC, OS: Windows, Browser: Chrome
2025-05-20 16:10:30,256 - IP: 127.0.0.1, Method: GET, Path: /, Device: PC, OS: Windows, Browser: Chrome
2025-05-20 16:10:34,757 - IP: 127.0.0.1, Method: GET, Path: /admin/base/menuaccess/, Device: PC, OS: Windows, Browser: Chrome
2025-05-20 16:10:34,868 - IP: 127.0.0.1, Method: GET, Path: /admin/jsi18n/, Device: PC, OS: Windows, Browser: Chrome
2025-05-20 16:10:36,557 - IP: 127.0.0.1, Method: GET, Path: /admin/base/menuaccess/add/, Device: PC, OS: Windows, Browser: Chrome
2025-05-20 16:10:47,534 - IP: 127.0.0.1, Method: POST, Path: /admin/base/menuaccess/add/, Device: PC, OS: Windows, Browser: Chrome
2025-05-20 16:10:47,612 - IP: 127.0.0.1, Method: GET, Path: /admin/base/menuaccess/, Device: PC, OS: Windows, Browser: Chrome
2025-05-20 16:10:47,719 - IP: 127.0.0.1, Method: GET, Path: /admin/jsi18n/, Device: PC, OS: Windows, Browser: Chrome
2025-05-20 16:11:10,603 - IP: 127.0.0.1, Method: GET, Path: /admin/auth/user/, Device: PC, OS: Windows, Browser: Chrome
2025-05-20 16:11:10,711 - IP: 127.0.0.1, Method: GET, Path: /admin/jsi18n/, Device: PC, OS: Windows, Browser: Chrome
2025-05-20 16:11:12,462 - IP: 127.0.0.1, Method: GET, Path: /admin/auth/user/add/, Device: PC, OS: Windows, Browser: Chrome
2025-05-20 16:11:25,782 - IP: 127.0.0.1, Method: POST, Path: /admin/auth/user/add/, Device: PC, OS: Windows, Browser: Chrome
2025-05-20 16:11:26,422 - IP: 127.0.0.1, Method: GET, Path: /admin/auth/user/3/change/, Device: PC, OS: Windows, Browser: Chrome
2025-05-20 16:11:28,737 - IP: 127.0.0.1, Method: POST, Path: /admin/auth/user/3/change/, Device: PC, OS: Windows, Browser: Chrome
2025-05-20 16:11:28,815 - IP: 127.0.0.1, Method: GET, Path: /admin/auth/user/, Device: PC, OS: Windows, Browser: Chrome
2025-05-20 16:11:28,953 - IP: 127.0.0.1, Method: GET, Path: /admin/jsi18n/, Device: PC, OS: Windows, Browser: Chrome
2025-05-20 16:11:33,225 - IP: 127.0.0.1, Method: GET, Path: /admin/base/menuaccess/, Device: PC, OS: Windows, Browser: Chrome
2025-05-20 16:11:33,358 - IP: 127.0.0.1, Method: GET, Path: /admin/jsi18n/, Device: PC, OS: Windows, Browser: Chrome
2025-05-20 16:11:35,190 - IP: 127.0.0.1, Method: GET, Path: /admin/base/menuaccess/add/, Device: PC, OS: Windows, Browser: Chrome
2025-05-20 16:11:41,273 - IP: 127.0.0.1, Method: POST, Path: /admin/base/menuaccess/add/, Device: PC, OS: Windows, Browser: Chrome
2025-05-20 16:11:41,339 - IP: 127.0.0.1, Method: GET, Path: /admin/base/menuaccess/, Device: PC, OS: Windows, Browser: Chrome
2025-05-20 16:11:41,475 - IP: 127.0.0.1, Method: GET, Path: /admin/jsi18n/, Device: PC, OS: Windows, Browser: Chrome
2025-05-20 16:11:55,665 - IP: 127.0.0.1, Method: GET, Path: /admin/logout/, Device: PC, OS: Windows, Browser: Chrome
2025-05-20 16:11:55,690 - IP: 127.0.0.1, Method: GET, Path: /accounts/login/, Device: PC, OS: Windows, Browser: Chrome
2025-05-20 16:12:04,853 - IP: 127.0.0.1, Method: POST, Path: /accounts/login/, Device: PC, OS: Windows, Browser: Chrome
2025-05-20 16:12:05,551 - IP: 127.0.0.1, Method: GET, Path: /, Device: PC, OS: Windows, Browser: Chrome
2025-05-20 16:12:10,936 - IP: 127.0.0.1, Method: GET, Path: /spj, Device: PC, OS: Windows, Browser: Chrome
2025-05-20 16:12:11,035 - Not Found: /spj
2025-05-20 16:12:11,172 - IP: 127.0.0.1, Method: GET, Path: /favicon.ico, Device: PC, OS: Windows, Browser: Chrome
2025-05-20 16:12:11,184 - Not Found: /favicon.ico
2025-05-20 16:15:39,963 - IP: 127.0.0.1, Method: GET, Path: /keepalive/, Device: PC, OS: Windows, Browser: Chrome
2025-05-20 16:17:05,714 - IP: 127.0.0.1, Method: GET, Path: /keepalive/, Device: PC, OS: Windows, Browser: Chrome
2025-05-20 16:20:41,387 - IP: 127.0.0.1, Method: GET, Path: /accounts/logout/, Device: PC, OS: Windows, Browser: Chrome
2025-05-20 16:20:41,401 - IP: 127.0.0.1, Method: GET, Path: /accounts/login/, Device: PC, OS: Windows, Browser: Chrome
2025-05-20 16:20:50,488 - IP: 127.0.0.1, Method: POST, Path: /accounts/login/, Device: PC, OS: Windows, Browser: Chrome
2025-05-20 16:20:51,315 - IP: 127.0.0.1, Method: GET, Path: /, Device: PC, OS: Windows, Browser: Chrome
2025-05-20 16:21:00,067 - IP: 127.0.0.1, Method: GET, Path: /pejabat, Device: PC, OS: Windows, Browser: Chrome
2025-05-20 16:21:00,081 - Not Found: /pejabat
2025-05-20 16:21:05,713 - IP: 127.0.0.1, Method: GET, Path: /accounts/logout/, Device: PC, OS: Windows, Browser: Chrome
2025-05-20 16:21:05,725 - IP: 127.0.0.1, Method: GET, Path: /accounts/login/, Device: PC, OS: Windows, Browser: Chrome
2025-05-20 16:21:15,269 - IP: 127.0.0.1, Method: POST, Path: /accounts/login/, Device: PC, OS: Windows, Browser: Chrome
2025-05-20 16:21:15,957 - IP: 127.0.0.1, Method: GET, Path: /, Device: PC, OS: Windows, Browser: Chrome
2025-05-20 16:21:39,948 - IP: 127.0.0.1, Method: GET, Path: /keepalive/, Device: PC, OS: Windows, Browser: Chrome
2025-05-20 16:22:06,152 - IP: 127.0.0.1, Method: GET, Path: /admin/base/submenu/, Device: PC, OS: Windows, Browser: Chrome
2025-05-20 16:22:06,300 - IP: 127.0.0.1, Method: GET, Path: /admin/jsi18n/, Device: PC, OS: Windows, Browser: Chrome
2025-05-20 16:22:16,933 - IP: 127.0.0.1, Method: GET, Path: /admin/base/submenu/6/change/, Device: PC, OS: Windows, Browser: Chrome
2025-05-20 16:22:25,627 - IP: 127.0.0.1, Method: POST, Path: /admin/base/submenu/6/change/, Device: PC, OS: Windows, Browser: Chrome
2025-05-20 16:22:25,689 - IP: 127.0.0.1, Method: GET, Path: /admin/base/submenu/, Device: PC, OS: Windows, Browser: Chrome
2025-05-20 16:22:25,825 - IP: 127.0.0.1, Method: GET, Path: /admin/jsi18n/, Device: PC, OS: Windows, Browser: Chrome
2025-05-20 16:22:33,234 - IP: 127.0.0.1, Method: GET, Path: /admin/base/submenu/5/change/, Device: PC, OS: Windows, Browser: Chrome
2025-05-20 16:22:40,430 - IP: 127.0.0.1, Method: POST, Path: /admin/base/submenu/5/change/, Device: PC, OS: Windows, Browser: Chrome
2025-05-20 16:22:40,494 - IP: 127.0.0.1, Method: GET, Path: /admin/base/submenu/, Device: PC, OS: Windows, Browser: Chrome
2025-05-20 16:22:40,613 - IP: 127.0.0.1, Method: GET, Path: /admin/jsi18n/, Device: PC, OS: Windows, Browser: Chrome
2025-05-20 16:22:42,847 - IP: 127.0.0.1, Method: GET, Path: /admin/base/submenu/4/change/, Device: PC, OS: Windows, Browser: Chrome
2025-05-20 16:22:57,759 - IP: 127.0.0.1, Method: POST, Path: /admin/base/submenu/4/change/, Device: PC, OS: Windows, Browser: Chrome
2025-05-20 16:22:57,808 - IP: 127.0.0.1, Method: GET, Path: /admin/base/submenu/, Device: PC, OS: Windows, Browser: Chrome
2025-05-20 16:22:57,948 - IP: 127.0.0.1, Method: GET, Path: /admin/jsi18n/, Device: PC, OS: Windows, Browser: Chrome
2025-05-20 16:23:17,317 - IP: 127.0.0.1, Method: GET, Path: /admin/base/submenu/2/change/, Device: PC, OS: Windows, Browser: Chrome
2025-05-20 16:23:22,579 - IP: 127.0.0.1, Method: POST, Path: /admin/base/submenu/2/change/, Device: PC, OS: Windows, Browser: Chrome
2025-05-20 16:23:22,636 - IP: 127.0.0.1, Method: GET, Path: /admin/base/submenu/, Device: PC, OS: Windows, Browser: Chrome
2025-05-20 16:23:22,805 - IP: 127.0.0.1, Method: GET, Path: /admin/jsi18n/, Device: PC, OS: Windows, Browser: Chrome
2025-05-20 16:26:39,954 - IP: 127.0.0.1, Method: GET, Path: /keepalive/, Device: PC, OS: Windows, Browser: Chrome
2025-05-20 16:28:22,951 - IP: 127.0.0.1, Method: GET, Path: /keepalive/, Device: PC, OS: Windows, Browser: Chrome
2025-05-20 16:32:39,984 - IP: 127.0.0.1, Method: GET, Path: /keepalive/, Device: PC, OS: Windows, Browser: Chrome
2025-05-20 16:33:23,983 - IP: 127.0.0.1, Method: GET, Path: /keepalive/, Device: PC, OS: Windows, Browser: Chrome
2025-05-20 16:38:24,975 - IP: 127.0.0.1, Method: GET, Path: /accounts/login/, Device: PC, OS: Windows, Browser: Chrome
2025-05-20 16:38:39,979 - IP: 127.0.0.1, Method: GET, Path: /accounts/login/, Device: PC, OS: Windows, Browser: Chrome
2025-05-20 16:43:26,010 - IP: 127.0.0.1, Method: GET, Path: /accounts/login/, Device: PC, OS: Windows, Browser: Chrome
2025-05-20 16:43:40,019 - IP: 127.0.0.1, Method: GET, Path: /accounts/login/, Device: PC, OS: Windows, Browser: Chrome
2025-05-20 16:48:27,036 - IP: 127.0.0.1, Method: GET, Path: /accounts/login/, Device: PC, OS: Windows, Browser: Chrome
2025-05-20 16:48:40,061 - IP: 127.0.0.1, Method: GET, Path: /accounts/login/, Device: PC, OS: Windows, Browser: Chrome
2025-05-20 16:53:27,077 - IP: 127.0.0.1, Method: GET, Path: /accounts/login/, Device: PC, OS: Windows, Browser: Chrome
2025-05-20 16:54:40,062 - IP: 127.0.0.1, Method: GET, Path: /accounts/login/, Device: PC, OS: Windows, Browser: Chrome
2025-05-20 16:58:27,101 - IP: 127.0.0.1, Method: GET, Path: /accounts/login/, Device: PC, OS: Windows, Browser: Chrome
2025-05-20 16:59:40,088 - IP: 127.0.0.1, Method: GET, Path: /accounts/login/, Device: PC, OS: Windows, Browser: Chrome
2025-05-20 17:00:28,475 - IP: 127.0.0.1, Method: GET, Path: /accounts/login/, Device: PC, OS: Windows, Browser: Chrome
2025-05-20 19:57:13,247 - IP: 127.0.0.1, Method: GET, Path: /accounts/login/, Device: PC, OS: Windows, Browser: Chrome
2025-05-20 19:57:21,107 - IP: 127.0.0.1, Method: POST, Path: /accounts/login/, Device: PC, OS: Windows, Browser: Chrome
2025-05-20 19:57:22,491 - IP: 127.0.0.1, Method: GET, Path: /, Device: PC, OS: Windows, Browser: Chrome
2025-05-20 19:57:27,440 - IP: 127.0.0.1, Method: GET, Path: /admin/base/opd/, Device: PC, OS: Windows, Browser: Chrome
2025-05-20 19:57:27,564 - IP: 127.0.0.1, Method: GET, Path: /admin/jsi18n/, Device: PC, OS: Windows, Browser: Chrome
2025-05-20 19:57:47,065 - IP: 127.0.0.1, Method: GET, Path: /opd, Device: PC, OS: Windows, Browser: Chrome
2025-05-20 19:57:47,079 - Not Found: /opd
2025-05-20 19:58:05,431 - IP: 127.0.0.1, Method: GET, Path: /base/opd, Device: PC, OS: Windows, Browser: Chrome
2025-05-20 19:58:05,489 - IP: 127.0.0.1, Method: GET, Path: /base/opd/, Device: PC, OS: Windows, Browser: Chrome
2025-05-20 19:58:16,983 - IP: 127.0.0.1, Method: GET, Path: /base/opd/1/ubah/, Device: PC, OS: Windows, Browser: Chrome
2025-05-20 19:58:48,590 - IP: 127.0.0.1, Method: GET, Path: /admin/base/submenu/, Device: PC, OS: Windows, Browser: Chrome
2025-05-20 19:58:48,718 - IP: 127.0.0.1, Method: GET, Path: /admin/jsi18n/, Device: PC, OS: Windows, Browser: Chrome
2025-05-20 19:58:51,232 - IP: 127.0.0.1, Method: GET, Path: /admin/base/submenu/add/, Device: PC, OS: Windows, Browser: Chrome
2025-05-20 19:59:14,234 - IP: 127.0.0.1, Method: POST, Path: /admin/base/submenu/add/, Device: PC, OS: Windows, Browser: Chrome
2025-05-20 19:59:14,298 - IP: 127.0.0.1, Method: GET, Path: /admin/base/submenu/, Device: PC, OS: Windows, Browser: Chrome
2025-05-20 19:59:14,423 - IP: 127.0.0.1, Method: GET, Path: /admin/jsi18n/, Device: PC, OS: Windows, Browser: Chrome
2025-05-20 19:59:25,323 - IP: 127.0.0.1, Method: GET, Path: /admin/base/menuaccess/, Device: PC, OS: Windows, Browser: Chrome
2025-05-20 19:59:25,450 - IP: 127.0.0.1, Method: GET, Path: /admin/jsi18n/, Device: PC, OS: Windows, Browser: Chrome
2025-05-20 19:59:33,436 - IP: 127.0.0.1, Method: GET, Path: /admin/base/menuaccess/1/change/, Device: PC, OS: Windows, Browser: Chrome
2025-05-20 19:59:44,972 - IP: 127.0.0.1, Method: GET, Path: /admin/base/rolepermission/, Device: PC, OS: Windows, Browser: Chrome
2025-05-20 19:59:45,171 - IP: 127.0.0.1, Method: GET, Path: /admin/jsi18n/, Device: PC, OS: Windows, Browser: Chrome
2025-05-20 19:59:47,922 - IP: 127.0.0.1, Method: GET, Path: /admin/base/rolepermission/add/, Device: PC, OS: Windows, Browser: Chrome
2025-05-20 19:59:58,058 - IP: 127.0.0.1, Method: POST, Path: /admin/base/rolepermission/add/, Device: PC, OS: Windows, Browser: Chrome
2025-05-20 19:59:58,135 - IP: 127.0.0.1, Method: GET, Path: /admin/base/rolepermission/, Device: PC, OS: Windows, Browser: Chrome
2025-05-20 19:59:58,340 - IP: 127.0.0.1, Method: GET, Path: /admin/jsi18n/, Device: PC, OS: Windows, Browser: Chrome
2025-05-20 20:00:21,603 - IP: 127.0.0.1, Method: GET, Path: /admin/base/submenu/, Device: PC, OS: Windows, Browser: Chrome
2025-05-20 20:00:21,717 - IP: 127.0.0.1, Method: GET, Path: /admin/jsi18n/, Device: PC, OS: Windows, Browser: Chrome
2025-05-20 20:00:23,916 - IP: 127.0.0.1, Method: GET, Path: /admin/base/submenu/8/change/, Device: PC, OS: Windows, Browser: Chrome
2025-05-20 20:00:35,467 - IP: 127.0.0.1, Method: POST, Path: /admin/base/submenu/8/change/, Device: PC, OS: Windows, Browser: Chrome
2025-05-20 20:00:35,522 - IP: 127.0.0.1, Method: GET, Path: /admin/base/submenu/, Device: PC, OS: Windows, Browser: Chrome
2025-05-20 20:00:35,666 - IP: 127.0.0.1, Method: GET, Path: /admin/jsi18n/, Device: PC, OS: Windows, Browser: Chrome
2025-05-20 20:00:55,893 - IP: 127.0.0.1, Method: GET, Path: /admin/base/submenu/base/opd/, Device: PC, OS: Windows, Browser: Chrome
2025-05-20 20:00:55,935 - IP: 127.0.0.1, Method: GET, Path: /admin/base/submenu/base/opd/change/, Device: PC, OS: Windows, Browser: Chrome
2025-05-20 20:00:55,986 - IP: 127.0.0.1, Method: GET, Path: /admin/, Device: PC, OS: Windows, Browser: Chrome
2025-05-20 20:01:03,243 - IP: 127.0.0.1, Method: GET, Path: /admin/base/opd/, Device: PC, OS: Windows, Browser: Chrome
2025-05-20 20:01:03,366 - IP: 127.0.0.1, Method: GET, Path: /admin/jsi18n/, Device: PC, OS: Windows, Browser: Chrome
2025-05-20 20:01:28,373 - IP: 127.0.0.1, Method: GET, Path: /admin/base/menuaccess/, Device: PC, OS: Windows, Browser: Chrome
2025-05-20 20:01:28,538 - IP: 127.0.0.1, Method: GET, Path: /admin/jsi18n/, Device: PC, OS: Windows, Browser: Chrome
2025-05-20 20:01:35,408 - IP: 127.0.0.1, Method: GET, Path: /admin/base/menuaccess/2/change/, Device: PC, OS: Windows, Browser: Chrome
2025-05-20 20:01:42,650 - IP: 127.0.0.1, Method: POST, Path: /admin/base/menuaccess/2/change/, Device: PC, OS: Windows, Browser: Chrome
2025-05-20 20:01:42,734 - IP: 127.0.0.1, Method: GET, Path: /admin/base/menuaccess/, Device: PC, OS: Windows, Browser: Chrome
2025-05-20 20:01:42,920 - IP: 127.0.0.1, Method: GET, Path: /admin/jsi18n/, Device: PC, OS: Windows, Browser: Chrome
2025-05-20 20:01:46,810 - IP: 127.0.0.1, Method: GET, Path: /admin/logout/, Device: PC, OS: Windows, Browser: Chrome
2025-05-20 20:01:46,833 - IP: 127.0.0.1, Method: GET, Path: /accounts/login/, Device: PC, OS: Windows, Browser: Chrome
2025-05-20 20:01:55,591 - IP: 127.0.0.1, Method: POST, Path: /accounts/login/, Device: PC, OS: Windows, Browser: Chrome
2025-05-20 20:01:56,296 - IP: 127.0.0.1, Method: GET, Path: /, Device: PC, OS: Windows, Browser: Chrome
2025-05-20 20:02:01,559 - IP: 127.0.0.1, Method: GET, Path: /base/opd/, Device: PC, OS: Windows, Browser: Chrome
2025-05-20 20:07:01,684 - IP: 127.0.0.1, Method: GET, Path: /accounts/login/, Device: PC, OS: Windows, Browser: Chrome
2025-05-20 20:07:14,310 - Not Found: /base/opd/base/opd/
2025-05-20 20:12:02,358 - IP: 127.0.0.1, Method: GET, Path: /accounts/login/, Device: PC, OS: Windows, Browser: Chrome
2025-05-20 20:12:24,175 - IP: 127.0.0.1, Method: GET, Path: /accounts/login/, Device: PC, OS: Windows, Browser: Chrome
2025-05-20 20:12:34,040 - IP: 127.0.0.1, Method: POST, Path: /accounts/login/, Device: PC, OS: Windows, Browser: Chrome
2025-05-20 20:12:34,763 - IP: 127.0.0.1, Method: GET, Path: /, Device: PC, OS: Windows, Browser: Chrome
2025-05-20 20:12:35,139 - Internal Server Error: /
Traceback (most recent call last):
  File "H:\app\rancangan\env\Lib\site-packages\django\template\smartif.py", line 179, in translate_token
    op = OPERATORS[token]
         ~~~~~~~~~^^^^^^^
KeyError: 'model.url|reverse_url'

During handling of the above exception, another exception occurred:

Traceback (most recent call last):
  File "H:\app\rancangan\env\Lib\site-packages\django\core\handlers\exception.py", line 55, in inner
    response = get_response(request)
               ^^^^^^^^^^^^^^^^^^^^^
  File "H:\app\rancangan\env\Lib\site-packages\django\core\handlers\base.py", line 197, in _get_response
    response = wrapped_callback(request, *callback_args, **callback_kwargs)
               ^^^^^^^^^^^^^^^^^^^^^^^^^^^^^^^^^^^^^^^^^^^^^^^^^^^^^^^^^^^^
  File "H:\app\rancangan\bkad\home\views.py", line 10, in index
    return render(request, 'pages/index.html')
           ^^^^^^^^^^^^^^^^^^^^^^^^^^^^^^^^^^^
  File "H:\app\rancangan\env\Lib\site-packages\django\shortcuts.py", line 24, in render
    content = loader.render_to_string(template_name, context, request, using=using)
              ^^^^^^^^^^^^^^^^^^^^^^^^^^^^^^^^^^^^^^^^^^^^^^^^^^^^^^^^^^^^^^^^^^^^^
  File "H:\app\rancangan\env\Lib\site-packages\django\template\loader.py", line 62, in render_to_string
    return template.render(context, request)
           ^^^^^^^^^^^^^^^^^^^^^^^^^^^^^^^^^
  File "H:\app\rancangan\env\Lib\site-packages\django\template\backends\django.py", line 61, in render
    return self.template.render(context)
           ^^^^^^^^^^^^^^^^^^^^^^^^^^^^^
  File "H:\app\rancangan\env\Lib\site-packages\django\template\base.py", line 175, in render
    return self._render(context)
           ^^^^^^^^^^^^^^^^^^^^^
  File "H:\app\rancangan\env\Lib\site-packages\django\template\base.py", line 167, in _render
    return self.nodelist.render(context)
           ^^^^^^^^^^^^^^^^^^^^^^^^^^^^^
  File "H:\app\rancangan\env\Lib\site-packages\django\template\base.py", line 1005, in render
    return SafeString("".join([node.render_annotated(context) for node in self]))
                               ^^^^^^^^^^^^^^^^^^^^^^^^^^^^^^
  File "H:\app\rancangan\env\Lib\site-packages\django\template\base.py", line 966, in render_annotated
    return self.render(context)
           ^^^^^^^^^^^^^^^^^^^^
  File "H:\app\rancangan\env\Lib\site-packages\django\template\loader_tags.py", line 157, in render
    return compiled_parent._render(context)
           ^^^^^^^^^^^^^^^^^^^^^^^^^^^^^^^^
  File "H:\app\rancangan\env\Lib\site-packages\django\template\base.py", line 167, in _render
    return self.nodelist.render(context)
           ^^^^^^^^^^^^^^^^^^^^^^^^^^^^^
  File "H:\app\rancangan\env\Lib\site-packages\django\template\base.py", line 1005, in render
    return SafeString("".join([node.render_annotated(context) for node in self]))
                               ^^^^^^^^^^^^^^^^^^^^^^^^^^^^^^
  File "H:\app\rancangan\env\Lib\site-packages\django\template\base.py", line 966, in render_annotated
    return self.render(context)
           ^^^^^^^^^^^^^^^^^^^^
  File "H:\app\rancangan\env\Lib\site-packages\django\template\loader_tags.py", line 63, in render
    result = block.nodelist.render(context)
             ^^^^^^^^^^^^^^^^^^^^^^^^^^^^^^
  File "H:\app\rancangan\env\Lib\site-packages\django\template\base.py", line 1005, in render
    return SafeString("".join([node.render_annotated(context) for node in self]))
                               ^^^^^^^^^^^^^^^^^^^^^^^^^^^^^^
  File "H:\app\rancangan\env\Lib\site-packages\django\template\base.py", line 966, in render_annotated
    return self.render(context)
           ^^^^^^^^^^^^^^^^^^^^
  File "H:\app\rancangan\env\Lib\site-packages\django\template\loader_tags.py", line 197, in render
    template = context.template.engine.select_template(template_name)
               ^^^^^^^^^^^^^^^^^^^^^^^^^^^^^^^^^^^^^^^^^^^^^^^^^^^^^^
  File "H:\app\rancangan\env\Lib\site-packages\django\template\engine.py", line 206, in select_template
    return self.get_template(template_name)
           ^^^^^^^^^^^^^^^^^^^^^^^^^^^^^^^^
  File "H:\app\rancangan\env\Lib\site-packages\django\template\engine.py", line 175, in get_template
    template, origin = self.find_template(template_name)
                       ^^^^^^^^^^^^^^^^^^^^^^^^^^^^^^^^^
  File "H:\app\rancangan\env\Lib\site-packages\django\template\engine.py", line 157, in find_template
    template = loader.get_template(name, skip=skip)
               ^^^^^^^^^^^^^^^^^^^^^^^^^^^^^^^^^^^^
  File "H:\app\rancangan\env\Lib\site-packages\django\template\loaders\cached.py", line 57, in get_template
    template = super().get_template(template_name, skip)
               ^^^^^^^^^^^^^^^^^^^^^^^^^^^^^^^^^^^^^^^^^
  File "H:\app\rancangan\env\Lib\site-packages\django\template\loaders\base.py", line 28, in get_template
    return Template(
           ^^^^^^^^^
  File "H:\app\rancangan\env\Lib\site-packages\django\template\base.py", line 154, in __init__
    self.nodelist = self.compile_nodelist()
                    ^^^^^^^^^^^^^^^^^^^^^^^
  File "H:\app\rancangan\env\Lib\site-packages\django\template\base.py", line 200, in compile_nodelist
    return parser.parse()
           ^^^^^^^^^^^^^^
  File "H:\app\rancangan\env\Lib\site-packages\django\template\base.py", line 513, in parse
    raise self.error(token, e)
  File "H:\app\rancangan\env\Lib\site-packages\django\template\base.py", line 511, in parse
    compiled_result = compile_func(self, token)
                      ^^^^^^^^^^^^^^^^^^^^^^^^^
  File "H:\app\rancangan\env\Lib\site-packages\django\template\defaulttags.py", line 953, in do_if
    nodelist = parser.parse(("elif", "else", "endif"))
               ^^^^^^^^^^^^^^^^^^^^^^^^^^^^^^^^^^^^^^^
  File "H:\app\rancangan\env\Lib\site-packages\django\template\base.py", line 513, in parse
    raise self.error(token, e)
  File "H:\app\rancangan\env\Lib\site-packages\django\template\base.py", line 511, in parse
    compiled_result = compile_func(self, token)
                      ^^^^^^^^^^^^^^^^^^^^^^^^^
  File "H:\app\rancangan\env\Lib\site-packages\django\template\defaulttags.py", line 853, in do_for
    nodelist_loop = parser.parse(
                    ^^^^^^^^^^^^^
  File "H:\app\rancangan\env\Lib\site-packages\django\template\base.py", line 513, in parse
    raise self.error(token, e)
  File "H:\app\rancangan\env\Lib\site-packages\django\template\base.py", line 511, in parse
    compiled_result = compile_func(self, token)
                      ^^^^^^^^^^^^^^^^^^^^^^^^^
  File "H:\app\rancangan\env\Lib\site-packages\django\template\defaulttags.py", line 953, in do_if
    nodelist = parser.parse(("elif", "else", "endif"))
               ^^^^^^^^^^^^^^^^^^^^^^^^^^^^^^^^^^^^^^^
  File "H:\app\rancangan\env\Lib\site-packages\django\template\base.py", line 513, in parse
    raise self.error(token, e)
  File "H:\app\rancangan\env\Lib\site-packages\django\template\base.py", line 511, in parse
    compiled_result = compile_func(self, token)
                      ^^^^^^^^^^^^^^^^^^^^^^^^^
  File "H:\app\rancangan\env\Lib\site-packages\django\template\defaulttags.py", line 953, in do_if
    nodelist = parser.parse(("elif", "else", "endif"))
               ^^^^^^^^^^^^^^^^^^^^^^^^^^^^^^^^^^^^^^^
  File "H:\app\rancangan\env\Lib\site-packages\django\template\base.py", line 513, in parse
    raise self.error(token, e)
  File "H:\app\rancangan\env\Lib\site-packages\django\template\base.py", line 511, in parse
    compiled_result = compile_func(self, token)
                      ^^^^^^^^^^^^^^^^^^^^^^^^^
  File "H:\app\rancangan\env\Lib\site-packages\django\template\defaulttags.py", line 853, in do_for
    nodelist_loop = parser.parse(
                    ^^^^^^^^^^^^^
  File "H:\app\rancangan\env\Lib\site-packages\django\template\base.py", line 513, in parse
    raise self.error(token, e)
  File "H:\app\rancangan\env\Lib\site-packages\django\template\base.py", line 511, in parse
    compiled_result = compile_func(self, token)
                      ^^^^^^^^^^^^^^^^^^^^^^^^^
  File "H:\app\rancangan\env\Lib\site-packages\django\template\defaulttags.py", line 953, in do_if
    nodelist = parser.parse(("elif", "else", "endif"))
               ^^^^^^^^^^^^^^^^^^^^^^^^^^^^^^^^^^^^^^^
  File "H:\app\rancangan\env\Lib\site-packages\django\template\base.py", line 513, in parse
    raise self.error(token, e)
  File "H:\app\rancangan\env\Lib\site-packages\django\template\base.py", line 511, in parse
    compiled_result = compile_func(self, token)
                      ^^^^^^^^^^^^^^^^^^^^^^^^^
  File "H:\app\rancangan\env\Lib\site-packages\django\template\defaulttags.py", line 952, in do_if
    condition = TemplateIfParser(parser, bits).parse()
                ^^^^^^^^^^^^^^^^^^^^^^^^^^^^^^
  File "H:\app\rancangan\env\Lib\site-packages\django\template\defaulttags.py", line 885, in __init__
    super().__init__(*args, **kwargs)
  File "H:\app\rancangan\env\Lib\site-packages\django\template\smartif.py", line 170, in __init__
    mapped_tokens.append(self.translate_token(token))
                         ^^^^^^^^^^^^^^^^^^^^^^^^^^^
  File "H:\app\rancangan\env\Lib\site-packages\django\template\smartif.py", line 181, in translate_token
    return self.create_var(token)
           ^^^^^^^^^^^^^^^^^^^^^^
  File "H:\app\rancangan\env\Lib\site-packages\django\template\defaulttags.py", line 888, in create_var
    return TemplateLiteral(self.template_parser.compile_filter(value), value)
                           ^^^^^^^^^^^^^^^^^^^^^^^^^^^^^^^^^^^^^^^^^^
  File "H:\app\rancangan\env\Lib\site-packages\django\template\base.py", line 600, in compile_filter
    return FilterExpression(token, self)
           ^^^^^^^^^^^^^^^^^^^^^^^^^^^^^
  File "H:\app\rancangan\env\Lib\site-packages\django\template\base.py", line 698, in __init__
    filter_func = parser.find_filter(filter_name)
                  ^^^^^^^^^^^^^^^^^^^^^^^^^^^^^^^
  File "H:\app\rancangan\env\Lib\site-packages\django\template\base.py", line 606, in find_filter
    raise TemplateSyntaxError("Invalid filter: '%s'" % filter_name)
django.template.exceptions.TemplateSyntaxError: Invalid filter: 'reverse_url'
2025-05-20 20:12:41,860 - IP: 127.0.0.1, Method: GET, Path: /accounts/login/, Device: PC, OS: Windows, Browser: Chrome
2025-05-27 18:53:29,955 - IP: 127.0.0.1, Method: GET, Path: /accounts/login/, Device: PC, OS: Windows, Browser: Chrome
2025-05-27 18:54:26,757 - IP: 127.0.0.1, Method: GET, Path: /accounts/login/, Device: PC, OS: Windows, Browser: Chrome
2025-05-27 18:54:41,877 - IP: 127.0.0.1, Method: POST, Path: /accounts/login/, Device: PC, OS: Windows, Browser: Chrome
2025-05-27 18:54:42,570 - IP: 127.0.0.1, Method: GET, Path: /, Device: PC, OS: Windows, Browser: Chrome
2025-05-27 18:54:50,226 - IP: 127.0.0.1, Method: GET, Path: /base/opd/, Device: PC, OS: Windows, Browser: Chrome
2025-05-27 18:57:02,844 - IP: 127.0.0.1, Method: GET, Path: /admin/base/menuaccess/, Device: PC, OS: Windows, Browser: Chrome
2025-05-27 18:57:03,090 - IP: 127.0.0.1, Method: GET, Path: /admin/jsi18n/, Device: PC, OS: Windows, Browser: Chrome
2025-05-27 18:57:12,872 - IP: 127.0.0.1, Method: GET, Path: /admin/base/menuaccess/pegawai, Device: PC, OS: Windows, Browser: Chrome
2025-05-27 18:57:12,914 - IP: 127.0.0.1, Method: GET, Path: /admin/base/menuaccess/pegawai/, Device: PC, OS: Windows, Browser: Chrome
2025-05-27 18:57:12,951 - IP: 127.0.0.1, Method: GET, Path: /admin/base/menuaccess/pegawai/change/, Device: PC, OS: Windows, Browser: Chrome
2025-05-27 18:57:12,987 - IP: 127.0.0.1, Method: GET, Path: /admin/, Device: PC, OS: Windows, Browser: Chrome
2025-05-27 19:02:13,841 - IP: 127.0.0.1, Method: GET, Path: /accounts/login/, Device: PC, OS: Windows, Browser: Chrome
2025-05-27 19:07:14,833 - IP: 127.0.0.1, Method: GET, Path: /accounts/login/, Device: PC, OS: Windows, Browser: Chrome
2025-05-27 19:12:14,835 - IP: 127.0.0.1, Method: GET, Path: /accounts/login/, Device: PC, OS: Windows, Browser: Chrome
2025-05-27 19:17:15,834 - IP: 127.0.0.1, Method: GET, Path: /accounts/login/, Device: PC, OS: Windows, Browser: Chrome
2025-05-27 19:22:16,835 - IP: 127.0.0.1, Method: GET, Path: /accounts/login/, Device: PC, OS: Windows, Browser: Chrome
2025-05-27 19:27:17,837 - IP: 127.0.0.1, Method: GET, Path: /accounts/login/, Device: PC, OS: Windows, Browser: Chrome
2025-05-27 19:33:03,829 - IP: 127.0.0.1, Method: GET, Path: /accounts/login/, Device: PC, OS: Windows, Browser: Chrome
2025-05-27 19:52:32,682 - IP: 127.0.0.1, Method: GET, Path: /accounts/login/, Device: PC, OS: Windows, Browser: Chrome
2025-05-27 19:52:39,970 - IP: 127.0.0.1, Method: POST, Path: /accounts/login/, Device: PC, OS: Windows, Browser: Chrome
2025-05-27 19:52:40,721 - IP: 127.0.0.1, Method: GET, Path: /, Device: PC, OS: Windows, Browser: Chrome
2025-05-27 19:52:53,936 - IP: 127.0.0.1, Method: GET, Path: /admin/dokumen/document/, Device: PC, OS: Windows, Browser: Chrome
2025-05-27 19:52:54,066 - IP: 127.0.0.1, Method: GET, Path: /admin/jsi18n/, Device: PC, OS: Windows, Browser: Chrome
2025-05-27 19:52:55,620 - IP: 127.0.0.1, Method: GET, Path: /admin/dokumen/document/add/, Device: PC, OS: Windows, Browser: Chrome
2025-05-27 19:57:55,918 - IP: 127.0.0.1, Method: GET, Path: /accounts/login/, Device: PC, OS: Windows, Browser: Chrome
2025-05-27 20:02:56,842 - IP: 127.0.0.1, Method: GET, Path: /accounts/login/, Device: PC, OS: Windows, Browser: Chrome
2025-05-27 20:03:57,006 - IP: 127.0.0.1, Method: GET, Path: /accounts/login/, Device: PC, OS: Windows, Browser: Chrome
2025-05-27 20:04:03,045 - IP: 127.0.0.1, Method: POST, Path: /accounts/login/, Device: PC, OS: Windows, Browser: Chrome
2025-05-27 20:04:03,921 - IP: 127.0.0.1, Method: GET, Path: /, Device: PC, OS: Windows, Browser: Chrome
2025-05-27 20:04:06,392 - IP: 127.0.0.1, Method: GET, Path: /admin/dokumen/document/, Device: PC, OS: Windows, Browser: Chrome
2025-05-27 20:04:06,495 - IP: 127.0.0.1, Method: GET, Path: /admin/jsi18n/, Device: PC, OS: Windows, Browser: Chrome
2025-05-27 20:04:07,679 - IP: 127.0.0.1, Method: GET, Path: /admin/dokumen/document/add/, Device: PC, OS: Windows, Browser: Chrome
2025-05-27 20:04:30,445 - IP: 127.0.0.1, Method: POST, Path: /admin/dokumen/document/add/, Device: PC, OS: Windows, Browser: Chrome
2025-05-27 20:04:30,496 - IP: 127.0.0.1, Method: GET, Path: /admin/dokumen/document/, Device: PC, OS: Windows, Browser: Chrome
2025-05-27 20:04:30,618 - IP: 127.0.0.1, Method: GET, Path: /admin/jsi18n/, Device: PC, OS: Windows, Browser: Chrome
2025-05-27 20:04:57,505 - IP: 127.0.0.1, Method: GET, Path: /admin/dokumen/document/add/, Device: PC, OS: Windows, Browser: Chrome
2025-05-27 20:05:06,228 - IP: 127.0.0.1, Method: POST, Path: /admin/dokumen/document/add/, Device: PC, OS: Windows, Browser: Chrome
2025-05-27 20:05:06,277 - IP: 127.0.0.1, Method: GET, Path: /admin/dokumen/document/, Device: PC, OS: Windows, Browser: Chrome
2025-05-27 20:05:06,401 - IP: 127.0.0.1, Method: GET, Path: /admin/jsi18n/, Device: PC, OS: Windows, Browser: Chrome
2025-05-27 20:30:10,841 - IP: 127.0.0.1, Method: GET, Path: /accounts/login/, Device: PC, OS: Windows, Browser: Chrome
2025-05-27 20:30:17,551 - IP: 127.0.0.1, Method: GET, Path: /accounts/login/, Device: PC, OS: Windows, Browser: Chrome
2025-05-27 20:30:23,456 - IP: 127.0.0.1, Method: POST, Path: /accounts/login/, Device: PC, OS: Windows, Browser: Chrome
2025-05-27 20:30:24,246 - IP: 127.0.0.1, Method: GET, Path: /, Device: PC, OS: Windows, Browser: Chrome
2025-05-27 20:30:47,921 - IP: 127.0.0.1, Method: GET, Path: /search/search/, Device: PC, OS: Windows, Browser: Chrome
2025-05-27 20:30:50,621 - POST http://elasticsearch:9200/documents/_search [status:N/A duration:2.698s]
2025-05-27 20:30:50,621 - Node <Urllib3HttpNode(http://elasticsearch:9200)> has failed for 1 times in a row, putting on 1 second timeout
2025-05-27 20:30:50,622 - Retrying request after failure (attempt 0 of 3)
Traceback (most recent call last):
  File "H:\app\rancangan\env\Lib\site-packages\urllib3\connection.py", line 198, in _new_conn
    sock = connection.create_connection(
           ^^^^^^^^^^^^^^^^^^^^^^^^^^^^^
  File "H:\app\rancangan\env\Lib\site-packages\urllib3\util\connection.py", line 60, in create_connection
    for res in socket.getaddrinfo(host, port, family, socket.SOCK_STREAM):
               ^^^^^^^^^^^^^^^^^^^^^^^^^^^^^^^^^^^^^^^^^^^^^^^^^^^^^^^^^^
  File "C:\Program Files\WindowsApps\PythonSoftwareFoundation.Python.3.12_3.12.2800.0_x64__qbz5n2kfra8p0\Lib\socket.py", line 978, in getaddrinfo
    for res in _socket.getaddrinfo(host, port, family, type, proto, flags):
               ^^^^^^^^^^^^^^^^^^^^^^^^^^^^^^^^^^^^^^^^^^^^^^^^^^^^^^^^^^^
socket.gaierror: [Errno 11001] getaddrinfo failed

The above exception was the direct cause of the following exception:

Traceback (most recent call last):
  File "H:\app\rancangan\env\Lib\site-packages\elastic_transport\_node\_http_urllib3.py", line 167, in perform_request
    response = self.pool.urlopen(
               ^^^^^^^^^^^^^^^^^^
  File "H:\app\rancangan\env\Lib\site-packages\urllib3\connectionpool.py", line 841, in urlopen
    retries = retries.increment(
              ^^^^^^^^^^^^^^^^^^
  File "H:\app\rancangan\env\Lib\site-packages\urllib3\util\retry.py", line 449, in increment
    raise reraise(type(error), error, _stacktrace)
          ^^^^^^^^^^^^^^^^^^^^^^^^^^^^^^^^^^^^^^^^
  File "H:\app\rancangan\env\Lib\site-packages\urllib3\util\util.py", line 39, in reraise
    raise value
  File "H:\app\rancangan\env\Lib\site-packages\urllib3\connectionpool.py", line 787, in urlopen
    response = self._make_request(
               ^^^^^^^^^^^^^^^^^^^
  File "H:\app\rancangan\env\Lib\site-packages\urllib3\connectionpool.py", line 493, in _make_request
    conn.request(
  File "H:\app\rancangan\env\Lib\site-packages\urllib3\connection.py", line 445, in request
    self.endheaders()
  File "C:\Program Files\WindowsApps\PythonSoftwareFoundation.Python.3.12_3.12.2800.0_x64__qbz5n2kfra8p0\Lib\http\client.py", line 1333, in endheaders
    self._send_output(message_body, encode_chunked=encode_chunked)
  File "C:\Program Files\WindowsApps\PythonSoftwareFoundation.Python.3.12_3.12.2800.0_x64__qbz5n2kfra8p0\Lib\http\client.py", line 1093, in _send_output
    self.send(msg)
  File "C:\Program Files\WindowsApps\PythonSoftwareFoundation.Python.3.12_3.12.2800.0_x64__qbz5n2kfra8p0\Lib\http\client.py", line 1037, in send
    self.connect()
  File "H:\app\rancangan\env\Lib\site-packages\urllib3\connection.py", line 276, in connect
    self.sock = self._new_conn()
                ^^^^^^^^^^^^^^^^
  File "H:\app\rancangan\env\Lib\site-packages\urllib3\connection.py", line 205, in _new_conn
    raise NameResolutionError(self.host, self, e) from e
urllib3.exceptions.NameResolutionError: <urllib3.connection.HTTPConnection object at 0x000001CABFBE6F90>: Failed to resolve 'elasticsearch' ([Errno 11001] getaddrinfo failed)

The above exception was the direct cause of the following exception:

Traceback (most recent call last):
  File "H:\app\rancangan\env\Lib\site-packages\elastic_transport\_transport.py", line 342, in perform_request
    resp = node.perform_request(
           ^^^^^^^^^^^^^^^^^^^^^
  File "H:\app\rancangan\env\Lib\site-packages\elastic_transport\_node\_http_urllib3.py", line 202, in perform_request
    raise err from e
elastic_transport.ConnectionError: Connection error caused by: NameResolutionError(<urllib3.connection.HTTPConnection object at 0x000001CABFBE6F90>: Failed to resolve 'elasticsearch' ([Errno 11001] getaddrinfo failed))
2025-05-27 20:30:53,339 - POST http://elasticsearch:9200/documents/_search [status:N/A duration:2.710s]
2025-05-27 20:30:53,339 - Node <Urllib3HttpNode(http://elasticsearch:9200)> has failed for 2 times in a row, putting on 2 second timeout
2025-05-27 20:30:53,340 - Retrying request after failure (attempt 1 of 3)
Traceback (most recent call last):
  File "H:\app\rancangan\env\Lib\site-packages\urllib3\connection.py", line 198, in _new_conn
    sock = connection.create_connection(
           ^^^^^^^^^^^^^^^^^^^^^^^^^^^^^
  File "H:\app\rancangan\env\Lib\site-packages\urllib3\util\connection.py", line 60, in create_connection
    for res in socket.getaddrinfo(host, port, family, socket.SOCK_STREAM):
               ^^^^^^^^^^^^^^^^^^^^^^^^^^^^^^^^^^^^^^^^^^^^^^^^^^^^^^^^^^
  File "C:\Program Files\WindowsApps\PythonSoftwareFoundation.Python.3.12_3.12.2800.0_x64__qbz5n2kfra8p0\Lib\socket.py", line 978, in getaddrinfo
    for res in _socket.getaddrinfo(host, port, family, type, proto, flags):
               ^^^^^^^^^^^^^^^^^^^^^^^^^^^^^^^^^^^^^^^^^^^^^^^^^^^^^^^^^^^
socket.gaierror: [Errno 11001] getaddrinfo failed

The above exception was the direct cause of the following exception:

Traceback (most recent call last):
  File "H:\app\rancangan\env\Lib\site-packages\elastic_transport\_node\_http_urllib3.py", line 167, in perform_request
    response = self.pool.urlopen(
               ^^^^^^^^^^^^^^^^^^
  File "H:\app\rancangan\env\Lib\site-packages\urllib3\connectionpool.py", line 841, in urlopen
    retries = retries.increment(
              ^^^^^^^^^^^^^^^^^^
  File "H:\app\rancangan\env\Lib\site-packages\urllib3\util\retry.py", line 449, in increment
    raise reraise(type(error), error, _stacktrace)
          ^^^^^^^^^^^^^^^^^^^^^^^^^^^^^^^^^^^^^^^^
  File "H:\app\rancangan\env\Lib\site-packages\urllib3\util\util.py", line 39, in reraise
    raise value
  File "H:\app\rancangan\env\Lib\site-packages\urllib3\connectionpool.py", line 787, in urlopen
    response = self._make_request(
               ^^^^^^^^^^^^^^^^^^^
  File "H:\app\rancangan\env\Lib\site-packages\urllib3\connectionpool.py", line 493, in _make_request
    conn.request(
  File "H:\app\rancangan\env\Lib\site-packages\urllib3\connection.py", line 445, in request
    self.endheaders()
  File "C:\Program Files\WindowsApps\PythonSoftwareFoundation.Python.3.12_3.12.2800.0_x64__qbz5n2kfra8p0\Lib\http\client.py", line 1333, in endheaders
    self._send_output(message_body, encode_chunked=encode_chunked)
  File "C:\Program Files\WindowsApps\PythonSoftwareFoundation.Python.3.12_3.12.2800.0_x64__qbz5n2kfra8p0\Lib\http\client.py", line 1093, in _send_output
    self.send(msg)
  File "C:\Program Files\WindowsApps\PythonSoftwareFoundation.Python.3.12_3.12.2800.0_x64__qbz5n2kfra8p0\Lib\http\client.py", line 1037, in send
    self.connect()
  File "H:\app\rancangan\env\Lib\site-packages\urllib3\connection.py", line 276, in connect
    self.sock = self._new_conn()
                ^^^^^^^^^^^^^^^^
  File "H:\app\rancangan\env\Lib\site-packages\urllib3\connection.py", line 205, in _new_conn
    raise NameResolutionError(self.host, self, e) from e
urllib3.exceptions.NameResolutionError: <urllib3.connection.HTTPConnection object at 0x000001CABFABB380>: Failed to resolve 'elasticsearch' ([Errno 11001] getaddrinfo failed)

The above exception was the direct cause of the following exception:

Traceback (most recent call last):
  File "H:\app\rancangan\env\Lib\site-packages\elastic_transport\_transport.py", line 342, in perform_request
    resp = node.perform_request(
           ^^^^^^^^^^^^^^^^^^^^^
  File "H:\app\rancangan\env\Lib\site-packages\elastic_transport\_node\_http_urllib3.py", line 202, in perform_request
    raise err from e
elastic_transport.ConnectionError: Connection error caused by: NameResolutionError(<urllib3.connection.HTTPConnection object at 0x000001CABFABB380>: Failed to resolve 'elasticsearch' ([Errno 11001] getaddrinfo failed))
2025-05-27 20:30:53,342 - Resurrected node <Urllib3HttpNode(http://elasticsearch:9200)> (force=False)
2025-05-27 20:30:56,052 - POST http://elasticsearch:9200/documents/_search [status:N/A duration:2.710s]
2025-05-27 20:30:56,052 - Node <Urllib3HttpNode(http://elasticsearch:9200)> has failed for 3 times in a row, putting on 4 second timeout
2025-05-27 20:30:56,053 - Retrying request after failure (attempt 2 of 3)
Traceback (most recent call last):
  File "H:\app\rancangan\env\Lib\site-packages\urllib3\connection.py", line 198, in _new_conn
    sock = connection.create_connection(
           ^^^^^^^^^^^^^^^^^^^^^^^^^^^^^
  File "H:\app\rancangan\env\Lib\site-packages\urllib3\util\connection.py", line 60, in create_connection
    for res in socket.getaddrinfo(host, port, family, socket.SOCK_STREAM):
               ^^^^^^^^^^^^^^^^^^^^^^^^^^^^^^^^^^^^^^^^^^^^^^^^^^^^^^^^^^
  File "C:\Program Files\WindowsApps\PythonSoftwareFoundation.Python.3.12_3.12.2800.0_x64__qbz5n2kfra8p0\Lib\socket.py", line 978, in getaddrinfo
    for res in _socket.getaddrinfo(host, port, family, type, proto, flags):
               ^^^^^^^^^^^^^^^^^^^^^^^^^^^^^^^^^^^^^^^^^^^^^^^^^^^^^^^^^^^
socket.gaierror: [Errno 11001] getaddrinfo failed

The above exception was the direct cause of the following exception:

Traceback (most recent call last):
  File "H:\app\rancangan\env\Lib\site-packages\elastic_transport\_node\_http_urllib3.py", line 167, in perform_request
    response = self.pool.urlopen(
               ^^^^^^^^^^^^^^^^^^
  File "H:\app\rancangan\env\Lib\site-packages\urllib3\connectionpool.py", line 841, in urlopen
    retries = retries.increment(
              ^^^^^^^^^^^^^^^^^^
  File "H:\app\rancangan\env\Lib\site-packages\urllib3\util\retry.py", line 449, in increment
    raise reraise(type(error), error, _stacktrace)
          ^^^^^^^^^^^^^^^^^^^^^^^^^^^^^^^^^^^^^^^^
  File "H:\app\rancangan\env\Lib\site-packages\urllib3\util\util.py", line 39, in reraise
    raise value
  File "H:\app\rancangan\env\Lib\site-packages\urllib3\connectionpool.py", line 787, in urlopen
    response = self._make_request(
               ^^^^^^^^^^^^^^^^^^^
  File "H:\app\rancangan\env\Lib\site-packages\urllib3\connectionpool.py", line 493, in _make_request
    conn.request(
  File "H:\app\rancangan\env\Lib\site-packages\urllib3\connection.py", line 445, in request
    self.endheaders()
  File "C:\Program Files\WindowsApps\PythonSoftwareFoundation.Python.3.12_3.12.2800.0_x64__qbz5n2kfra8p0\Lib\http\client.py", line 1333, in endheaders
    self._send_output(message_body, encode_chunked=encode_chunked)
  File "C:\Program Files\WindowsApps\PythonSoftwareFoundation.Python.3.12_3.12.2800.0_x64__qbz5n2kfra8p0\Lib\http\client.py", line 1093, in _send_output
    self.send(msg)
  File "C:\Program Files\WindowsApps\PythonSoftwareFoundation.Python.3.12_3.12.2800.0_x64__qbz5n2kfra8p0\Lib\http\client.py", line 1037, in send
    self.connect()
  File "H:\app\rancangan\env\Lib\site-packages\urllib3\connection.py", line 276, in connect
    self.sock = self._new_conn()
                ^^^^^^^^^^^^^^^^
  File "H:\app\rancangan\env\Lib\site-packages\urllib3\connection.py", line 205, in _new_conn
    raise NameResolutionError(self.host, self, e) from e
urllib3.exceptions.NameResolutionError: <urllib3.connection.HTTPConnection object at 0x000001CABFB850D0>: Failed to resolve 'elasticsearch' ([Errno 11001] getaddrinfo failed)

The above exception was the direct cause of the following exception:

Traceback (most recent call last):
  File "H:\app\rancangan\env\Lib\site-packages\elastic_transport\_transport.py", line 342, in perform_request
    resp = node.perform_request(
           ^^^^^^^^^^^^^^^^^^^^^
  File "H:\app\rancangan\env\Lib\site-packages\elastic_transport\_node\_http_urllib3.py", line 202, in perform_request
    raise err from e
elastic_transport.ConnectionError: Connection error caused by: NameResolutionError(<urllib3.connection.HTTPConnection object at 0x000001CABFB850D0>: Failed to resolve 'elasticsearch' ([Errno 11001] getaddrinfo failed))
2025-05-27 20:30:56,055 - Resurrected node <Urllib3HttpNode(http://elasticsearch:9200)> (force=False)
2025-05-27 20:30:58,750 - POST http://elasticsearch:9200/documents/_search [status:N/A duration:2.693s]
2025-05-27 20:30:58,750 - Node <Urllib3HttpNode(http://elasticsearch:9200)> has failed for 4 times in a row, putting on 8 second timeout
2025-05-27 20:30:58,959 - Internal Server Error: /search/search/
Traceback (most recent call last):
  File "H:\app\rancangan\env\Lib\site-packages\urllib3\connection.py", line 198, in _new_conn
    sock = connection.create_connection(
           ^^^^^^^^^^^^^^^^^^^^^^^^^^^^^
  File "H:\app\rancangan\env\Lib\site-packages\urllib3\util\connection.py", line 60, in create_connection
    for res in socket.getaddrinfo(host, port, family, socket.SOCK_STREAM):
               ^^^^^^^^^^^^^^^^^^^^^^^^^^^^^^^^^^^^^^^^^^^^^^^^^^^^^^^^^^
  File "C:\Program Files\WindowsApps\PythonSoftwareFoundation.Python.3.12_3.12.2800.0_x64__qbz5n2kfra8p0\Lib\socket.py", line 978, in getaddrinfo
    for res in _socket.getaddrinfo(host, port, family, type, proto, flags):
               ^^^^^^^^^^^^^^^^^^^^^^^^^^^^^^^^^^^^^^^^^^^^^^^^^^^^^^^^^^^
socket.gaierror: [Errno 11001] getaddrinfo failed

The above exception was the direct cause of the following exception:

Traceback (most recent call last):
  File "H:\app\rancangan\env\Lib\site-packages\elastic_transport\_node\_http_urllib3.py", line 167, in perform_request
    response = self.pool.urlopen(
               ^^^^^^^^^^^^^^^^^^
  File "H:\app\rancangan\env\Lib\site-packages\urllib3\connectionpool.py", line 841, in urlopen
    retries = retries.increment(
              ^^^^^^^^^^^^^^^^^^
  File "H:\app\rancangan\env\Lib\site-packages\urllib3\util\retry.py", line 449, in increment
    raise reraise(type(error), error, _stacktrace)
          ^^^^^^^^^^^^^^^^^^^^^^^^^^^^^^^^^^^^^^^^
  File "H:\app\rancangan\env\Lib\site-packages\urllib3\util\util.py", line 39, in reraise
    raise value
  File "H:\app\rancangan\env\Lib\site-packages\urllib3\connectionpool.py", line 787, in urlopen
    response = self._make_request(
               ^^^^^^^^^^^^^^^^^^^
  File "H:\app\rancangan\env\Lib\site-packages\urllib3\connectionpool.py", line 493, in _make_request
    conn.request(
  File "H:\app\rancangan\env\Lib\site-packages\urllib3\connection.py", line 445, in request
    self.endheaders()
  File "C:\Program Files\WindowsApps\PythonSoftwareFoundation.Python.3.12_3.12.2800.0_x64__qbz5n2kfra8p0\Lib\http\client.py", line 1333, in endheaders
    self._send_output(message_body, encode_chunked=encode_chunked)
  File "C:\Program Files\WindowsApps\PythonSoftwareFoundation.Python.3.12_3.12.2800.0_x64__qbz5n2kfra8p0\Lib\http\client.py", line 1093, in _send_output
    self.send(msg)
  File "C:\Program Files\WindowsApps\PythonSoftwareFoundation.Python.3.12_3.12.2800.0_x64__qbz5n2kfra8p0\Lib\http\client.py", line 1037, in send
    self.connect()
  File "H:\app\rancangan\env\Lib\site-packages\urllib3\connection.py", line 276, in connect
    self.sock = self._new_conn()
                ^^^^^^^^^^^^^^^^
  File "H:\app\rancangan\env\Lib\site-packages\urllib3\connection.py", line 205, in _new_conn
    raise NameResolutionError(self.host, self, e) from e
urllib3.exceptions.NameResolutionError: <urllib3.connection.HTTPConnection object at 0x000001CABFB0A540>: Failed to resolve 'elasticsearch' ([Errno 11001] getaddrinfo failed)

The above exception was the direct cause of the following exception:

Traceback (most recent call last):
  File "H:\app\rancangan\env\Lib\site-packages\django\core\handlers\exception.py", line 55, in inner
    response = get_response(request)
               ^^^^^^^^^^^^^^^^^^^^^
  File "H:\app\rancangan\env\Lib\site-packages\django\core\handlers\base.py", line 197, in _get_response
    response = wrapped_callback(request, *callback_args, **callback_kwargs)
               ^^^^^^^^^^^^^^^^^^^^^^^^^^^^^^^^^^^^^^^^^^^^^^^^^^^^^^^^^^^^
  File "H:\app\rancangan\bkad\dokumen\views.py", line 14, in search_view
    response = search.execute()
               ^^^^^^^^^^^^^^^^
  File "H:\app\rancangan\env\Lib\site-packages\elasticsearch_dsl\search.py", line 739, in execute
    es.search(index=self._index, body=self.to_dict(), **self._params).body,
    ^^^^^^^^^^^^^^^^^^^^^^^^^^^^^^^^^^^^^^^^^^^^^^^^^^^^^^^^^^^^^^^^^
  File "H:\app\rancangan\env\Lib\site-packages\elasticsearch\_sync\client\utils.py", line 446, in wrapped
    return api(*args, **kwargs)
           ^^^^^^^^^^^^^^^^^^^^
  File "H:\app\rancangan\env\Lib\site-packages\elasticsearch\_sync\client\__init__.py", line 4112, in search
    return self.perform_request(  # type: ignore[return-value]
           ^^^^^^^^^^^^^^^^^^^^^^^^^^^^^^^^^^^^^^^^^^^^^^^^^^^
  File "H:\app\rancangan\env\Lib\site-packages\elasticsearch\_sync\client\_base.py", line 271, in perform_request
    response = self._perform_request(
               ^^^^^^^^^^^^^^^^^^^^^^
  File "H:\app\rancangan\env\Lib\site-packages\elasticsearch\_sync\client\_base.py", line 316, in _perform_request
    meta, resp_body = self.transport.perform_request(
                      ^^^^^^^^^^^^^^^^^^^^^^^^^^^^^^^
  File "H:\app\rancangan\env\Lib\site-packages\elastic_transport\_transport.py", line 342, in perform_request
    resp = node.perform_request(
           ^^^^^^^^^^^^^^^^^^^^^
  File "H:\app\rancangan\env\Lib\site-packages\elastic_transport\_node\_http_urllib3.py", line 202, in perform_request
    raise err from e
elastic_transport.ConnectionError: Connection error caused by: ConnectionError(Connection error caused by: NameResolutionError(<urllib3.connection.HTTPConnection object at 0x000001CABFBE6F90>: Failed to resolve 'elasticsearch' ([Errno 11001] getaddrinfo failed)))
2025-05-27 20:30:59,263 - IP: 127.0.0.1, Method: GET, Path: /favicon.ico, Device: PC, OS: Windows, Browser: Chrome
2025-05-27 20:30:59,279 - Not Found: /favicon.ico
2025-05-28 09:18:41,253 - IP: 127.0.0.1, Method: GET, Path: /accounts/login/, Device: PC, OS: Windows, Browser: Chrome
2025-05-28 09:18:48,157 - IP: 127.0.0.1, Method: POST, Path: /accounts/login/, Device: PC, OS: Windows, Browser: Chrome
2025-05-28 09:18:49,029 - IP: 127.0.0.1, Method: GET, Path: /, Device: PC, OS: Windows, Browser: Chrome
2025-05-28 09:23:50,171 - IP: 127.0.0.1, Method: GET, Path: /accounts/login/, Device: PC, OS: Windows, Browser: Chrome
2025-05-28 09:28:51,160 - IP: 127.0.0.1, Method: GET, Path: /accounts/login/, Device: PC, OS: Windows, Browser: Chrome
2025-05-28 09:30:11,158 - H:\app\rancangan\bkad\core\settings.py changed, reloading.
2025-05-28 09:30:30,727 - IP: 127.0.0.1, Method: GET, Path: /accounts/login/, Device: PC, OS: Windows, Browser: Chrome
2025-05-28 09:30:38,415 - IP: 127.0.0.1, Method: POST, Path: /accounts/login/, Device: PC, OS: Windows, Browser: Chrome
2025-05-28 09:30:39,060 - IP: 127.0.0.1, Method: GET, Path: /, Device: PC, OS: Windows, Browser: Chrome
2025-05-28 09:49:55,859 - IP: 127.0.0.1, Method: GET, Path: /accounts/login/, Device: PC, OS: Windows, Browser: Chrome
2025-05-28 09:50:02,669 - IP: 127.0.0.1, Method: POST, Path: /accounts/login/, Device: PC, OS: Windows, Browser: Chrome
2025-05-28 09:50:03,717 - IP: 127.0.0.1, Method: GET, Path: /, Device: PC, OS: Windows, Browser: Chrome
2025-05-28 09:50:16,798 - IP: 127.0.0.1, Method: GET, Path: /search/, Device: PC, OS: Windows, Browser: Chrome
2025-05-28 09:50:17,009 - Not Found: /search/
2025-05-28 09:50:17,135 - IP: 127.0.0.1, Method: GET, Path: /favicon.ico, Device: PC, OS: Windows, Browser: Chrome
2025-05-28 09:50:17,147 - Not Found: /favicon.ico
2025-05-28 09:50:26,128 - IP: 127.0.0.1, Method: GET, Path: /search/search/, Device: PC, OS: Windows, Browser: Chrome
2025-05-28 09:50:26,354 - POST http://host.docker.internal:9200/documents/_search [status:200 duration:0.224s]
2025-05-28 09:50:26,497 - Internal Server Error: /search/search/
Traceback (most recent call last):
  File "H:\app\rancangan\env\Lib\site-packages\django\core\handlers\exception.py", line 55, in inner
    response = get_response(request)
               ^^^^^^^^^^^^^^^^^^^^^
  File "H:\app\rancangan\env\Lib\site-packages\django\core\handlers\base.py", line 197, in _get_response
    response = wrapped_callback(request, *callback_args, **callback_kwargs)
               ^^^^^^^^^^^^^^^^^^^^^^^^^^^^^^^^^^^^^^^^^^^^^^^^^^^^^^^^^^^^
  File "H:\app\rancangan\bkad\dokumen\views.py", line 17, in search_view
    return render(request, 'search_results.html', {'results': results, 'query': query})
           ^^^^^^^^^^^^^^^^^^^^^^^^^^^^^^^^^^^^^^^^^^^^^^^^^^^^^^^^^^^^^^^^^^^^^^^^^^^^
  File "H:\app\rancangan\env\Lib\site-packages\django\shortcuts.py", line 24, in render
    content = loader.render_to_string(template_name, context, request, using=using)
              ^^^^^^^^^^^^^^^^^^^^^^^^^^^^^^^^^^^^^^^^^^^^^^^^^^^^^^^^^^^^^^^^^^^^^
  File "H:\app\rancangan\env\Lib\site-packages\django\template\loader.py", line 61, in render_to_string
    template = get_template(template_name, using=using)
               ^^^^^^^^^^^^^^^^^^^^^^^^^^^^^^^^^^^^^^^^
  File "H:\app\rancangan\env\Lib\site-packages\django\template\loader.py", line 19, in get_template
    raise TemplateDoesNotExist(template_name, chain=chain)
django.template.exceptions.TemplateDoesNotExist: search_results.html
2025-05-28 09:53:28,728 - H:\app\rancangan\bkad\dokumen\views.py changed, reloading.
2025-05-28 09:53:34,768 - IP: 127.0.0.1, Method: GET, Path: /search/search/, Device: PC, OS: Windows, Browser: Chrome
2025-05-28 09:53:34,795 - POST http://host.docker.internal:9200/documents/_search [status:200 duration:0.025s]
2025-05-28 09:53:54,892 - IP: 127.0.0.1, Method: GET, Path: /search/search/, Device: PC, OS: Windows, Browser: Chrome
2025-05-28 09:53:54,903 - POST http://host.docker.internal:9200/documents/_search [status:200 duration:0.010s]
2025-05-28 09:54:03,816 - IP: 127.0.0.1, Method: GET, Path: /search/search/, Device: PC, OS: Windows, Browser: Chrome
2025-05-28 09:54:03,864 - POST http://host.docker.internal:9200/documents/_search [status:200 duration:0.049s]
2025-05-28 09:54:16,414 - IP: 127.0.0.1, Method: GET, Path: /search/search/, Device: PC, OS: Windows, Browser: Chrome
2025-05-28 09:54:16,426 - POST http://host.docker.internal:9200/documents/_search [status:200 duration:0.012s]
2025-06-10 19:03:42,167 - IP: 127.0.0.1, Method: GET, Path: /accounts/login/, Device: PC, OS: Windows, Browser: Chrome
2025-06-10 19:03:52,701 - IP: 127.0.0.1, Method: POST, Path: /accounts/login/, Device: PC, OS: Windows, Browser: Chrome
2025-06-10 19:04:59,532 - IP: 127.0.0.1, Method: POST, Path: /accounts/login/, Device: PC, OS: Windows, Browser: Chrome
2025-06-10 19:05:00,284 - IP: 127.0.0.1, Method: GET, Path: /, Device: PC, OS: Windows, Browser: Chrome
2025-06-10 19:05:05,405 - IP: 127.0.0.1, Method: GET, Path: /admin/dokumen/document/, Device: PC, OS: Windows, Browser: Chrome
2025-06-10 19:05:05,748 - IP: 127.0.0.1, Method: GET, Path: /admin/jsi18n/, Device: PC, OS: Windows, Browser: Chrome
2025-06-10 19:15:03,191 - H:\app\rancangan\bkad\dokumen\views.py changed, reloading.
2025-06-10 19:15:07,229 - IP: 127.0.0.1, Method: GET, Path: /accounts/login/, Device: PC, OS: Windows, Browser: Chrome
2025-06-10 19:15:19,829 - H:\app\rancangan\bkad\dokumen\urls.py changed, reloading.
2025-06-10 19:15:24,885 - H:\app\rancangan\bkad\dokumen\urls.py changed, reloading.
2025-06-10 19:15:31,566 - H:\app\rancangan\bkad\dokumen\urls.py changed, reloading.
2025-06-10 19:15:40,995 - H:\app\rancangan\bkad\dokumen\urls.py changed, reloading.
2025-06-10 19:15:52,162 - IP: 127.0.0.1, Method: GET, Path: /accounts/login/, Device: PC, OS: Windows, Browser: Chrome
2025-06-10 19:16:02,008 - IP: 127.0.0.1, Method: POST, Path: /accounts/login/, Device: PC, OS: Windows, Browser: Chrome
2025-06-10 19:16:02,863 - IP: 127.0.0.1, Method: GET, Path: /, Device: PC, OS: Windows, Browser: Chrome
2025-06-10 19:16:07,650 - IP: 127.0.0.1, Method: GET, Path: /admin/dokumen/document/, Device: PC, OS: Windows, Browser: Chrome
2025-06-10 19:16:07,799 - IP: 127.0.0.1, Method: GET, Path: /admin/jsi18n/, Device: PC, OS: Windows, Browser: Chrome
2025-06-10 19:16:27,552 - IP: 127.0.0.1, Method: GET, Path: /dokumen/excel, Device: PC, OS: Windows, Browser: Chrome
2025-06-10 19:16:27,752 - Not Found: /dokumen/excel
2025-06-10 19:16:27,909 - IP: 127.0.0.1, Method: GET, Path: /favicon.ico, Device: PC, OS: Windows, Browser: Chrome
2025-06-10 19:16:27,928 - Not Found: /favicon.ico
2025-06-10 19:17:07,521 - IP: 127.0.0.1, Method: GET, Path: /search/excel, Device: PC, OS: Windows, Browser: Chrome
2025-06-10 19:17:07,595 - IP: 127.0.0.1, Method: GET, Path: /search/excel/, Device: PC, OS: Windows, Browser: Chrome
2025-06-10 19:17:07,695 - Internal Server Error: /search/excel/
Traceback (most recent call last):
  File "H:\app\rancangan\env\Lib\site-packages\django\core\handlers\exception.py", line 55, in inner
    response = get_response(request)
               ^^^^^^^^^^^^^^^^^^^^^
  File "H:\app\rancangan\env\Lib\site-packages\django\core\handlers\base.py", line 197, in _get_response
    response = wrapped_callback(request, *callback_args, **callback_kwargs)
               ^^^^^^^^^^^^^^^^^^^^^^^^^^^^^^^^^^^^^^^^^^^^^^^^^^^^^^^^^^^^
  File "H:\app\rancangan\bkad\dokumen\views.py", line 23, in excel_table_view
    df = pd.read_excel('data.xlsx')  # Path ke file Excel kamu
         ^^^^^^^^^^^^^^^^^^^^^^^^^^
  File "H:\app\rancangan\env\Lib\site-packages\pandas\io\excel\_base.py", line 495, in read_excel
    io = ExcelFile(
         ^^^^^^^^^^
  File "H:\app\rancangan\env\Lib\site-packages\pandas\io\excel\_base.py", line 1550, in __init__
    ext = inspect_excel_format(
          ^^^^^^^^^^^^^^^^^^^^^
  File "H:\app\rancangan\env\Lib\site-packages\pandas\io\excel\_base.py", line 1402, in inspect_excel_format
    with get_handle(
         ^^^^^^^^^^^
  File "H:\app\rancangan\env\Lib\site-packages\pandas\io\common.py", line 882, in get_handle
    handle = open(handle, ioargs.mode)
             ^^^^^^^^^^^^^^^^^^^^^^^^^
FileNotFoundError: [Errno 2] No such file or directory: 'data.xlsx'
2025-06-10 19:17:45,718 - H:\app\rancangan\bkad\dokumen\views.py changed, reloading.
2025-06-10 19:17:52,160 - H:\app\rancangan\bkad\dokumen\views.py changed, reloading.
2025-06-10 19:18:04,542 - IP: 127.0.0.1, Method: GET, Path: /search/excel/, Device: PC, OS: Windows, Browser: Chrome
2025-06-10 19:18:04,726 - Internal Server Error: /search/excel/
Traceback (most recent call last):
  File "H:\app\rancangan\env\Lib\site-packages\django\core\handlers\exception.py", line 55, in inner
    response = get_response(request)
               ^^^^^^^^^^^^^^^^^^^^^
  File "H:\app\rancangan\env\Lib\site-packages\django\core\handlers\base.py", line 197, in _get_response
    response = wrapped_callback(request, *callback_args, **callback_kwargs)
               ^^^^^^^^^^^^^^^^^^^^^^^^^^^^^^^^^^^^^^^^^^^^^^^^^^^^^^^^^^^^
  File "H:\app\rancangan\bkad\dokumen\views.py", line 23, in excel_table_view
    df = pd.read_excel('D:\Cloud\2025\REALISASI 2025\Realisasi\06 Juni.xlsx')  # Path ke file Excel kamu
         ^^^^^^^^^^^^^^^^^^^^^^^^^^^^^^^^^^^^^^^^^^^^^^^^^^^^^^^^^^^^^^^^^^^^^^^^
  File "H:\app\rancangan\env\Lib\site-packages\pandas\io\excel\_base.py", line 495, in read_excel
    io = ExcelFile(
         ^^^^^^^^^^
  File "H:\app\rancangan\env\Lib\site-packages\pandas\io\excel\_base.py", line 1550, in __init__
    ext = inspect_excel_format(
          ^^^^^^^^^^^^^^^^^^^^^
  File "H:\app\rancangan\env\Lib\site-packages\pandas\io\excel\_base.py", line 1402, in inspect_excel_format
    with get_handle(
         ^^^^^^^^^^^
  File "H:\app\rancangan\env\Lib\site-packages\pandas\io\common.py", line 882, in get_handle
    handle = open(handle, ioargs.mode)
             ^^^^^^^^^^^^^^^^^^^^^^^^^
FileNotFoundError: [Errno 2] No such file or directory: 'D:\\Cloud\x825\\REALISASI 2025\\Realisasi\x06 Junidata.xlsx'
2025-06-10 19:18:06,123 - IP: 127.0.0.1, Method: GET, Path: /search/excel/, Device: PC, OS: Windows, Browser: Chrome
2025-06-10 19:18:06,165 - Internal Server Error: /search/excel/
Traceback (most recent call last):
  File "H:\app\rancangan\env\Lib\site-packages\django\core\handlers\exception.py", line 55, in inner
    response = get_response(request)
               ^^^^^^^^^^^^^^^^^^^^^
  File "H:\app\rancangan\env\Lib\site-packages\django\core\handlers\base.py", line 197, in _get_response
    response = wrapped_callback(request, *callback_args, **callback_kwargs)
               ^^^^^^^^^^^^^^^^^^^^^^^^^^^^^^^^^^^^^^^^^^^^^^^^^^^^^^^^^^^^
  File "H:\app\rancangan\bkad\dokumen\views.py", line 23, in excel_table_view
    df = pd.read_excel('D:\Cloud\2025\REALISASI 2025\Realisasi\06 Juni.xlsx')  # Path ke file Excel kamu
         ^^^^^^^^^^^^^^^^^^^^^^^^^^^^^^^^^^^^^^^^^^^^^^^^^^^^^^^^^^^^^^^^^^^^^^^^
  File "H:\app\rancangan\env\Lib\site-packages\pandas\io\excel\_base.py", line 495, in read_excel
    io = ExcelFile(
         ^^^^^^^^^^
  File "H:\app\rancangan\env\Lib\site-packages\pandas\io\excel\_base.py", line 1550, in __init__
    ext = inspect_excel_format(
          ^^^^^^^^^^^^^^^^^^^^^
  File "H:\app\rancangan\env\Lib\site-packages\pandas\io\excel\_base.py", line 1402, in inspect_excel_format
    with get_handle(
         ^^^^^^^^^^^
  File "H:\app\rancangan\env\Lib\site-packages\pandas\io\common.py", line 882, in get_handle
    handle = open(handle, ioargs.mode)
             ^^^^^^^^^^^^^^^^^^^^^^^^^
FileNotFoundError: [Errno 2] No such file or directory: 'D:\\Cloud\x825\\REALISASI 2025\\Realisasi\x06 Junidata.xlsx'
2025-06-10 19:18:11,881 - H:\app\rancangan\bkad\dokumen\views.py changed, reloading.
2025-06-10 19:18:18,098 - H:\app\rancangan\bkad\dokumen\views.py changed, reloading.
2025-06-10 19:18:23,839 - H:\app\rancangan\bkad\dokumen\views.py changed, reloading.
2025-06-10 19:18:29,543 - IP: 127.0.0.1, Method: GET, Path: /search/excel/, Device: PC, OS: Windows, Browser: Chrome
2025-06-10 19:18:35,616 - Internal Server Error: /search/excel/
Traceback (most recent call last):
  File "H:\app\rancangan\env\Lib\site-packages\django\core\handlers\exception.py", line 55, in inner
    response = get_response(request)
               ^^^^^^^^^^^^^^^^^^^^^
  File "H:\app\rancangan\env\Lib\site-packages\django\core\handlers\base.py", line 197, in _get_response
    response = wrapped_callback(request, *callback_args, **callback_kwargs)
               ^^^^^^^^^^^^^^^^^^^^^^^^^^^^^^^^^^^^^^^^^^^^^^^^^^^^^^^^^^^^
  File "H:\app\rancangan\bkad\dokumen\views.py", line 32, in excel_table_view
    return render(request, 'dokumen/excel_table.html', {
           ^^^^^^^^^^^^^^^^^^^^^^^^^^^^^^^^^^^^^^^^^^^^^
  File "H:\app\rancangan\env\Lib\site-packages\django\shortcuts.py", line 24, in render
    content = loader.render_to_string(template_name, context, request, using=using)
              ^^^^^^^^^^^^^^^^^^^^^^^^^^^^^^^^^^^^^^^^^^^^^^^^^^^^^^^^^^^^^^^^^^^^^
  File "H:\app\rancangan\env\Lib\site-packages\django\template\loader.py", line 61, in render_to_string
    template = get_template(template_name, using=using)
               ^^^^^^^^^^^^^^^^^^^^^^^^^^^^^^^^^^^^^^^^
  File "H:\app\rancangan\env\Lib\site-packages\django\template\loader.py", line 15, in get_template
    return engine.get_template(template_name)
           ^^^^^^^^^^^^^^^^^^^^^^^^^^^^^^^^^^
  File "H:\app\rancangan\env\Lib\site-packages\django\template\backends\django.py", line 33, in get_template
    return Template(self.engine.get_template(template_name), self)
                    ^^^^^^^^^^^^^^^^^^^^^^^^^^^^^^^^^^^^^^^
  File "H:\app\rancangan\env\Lib\site-packages\django\template\engine.py", line 175, in get_template
    template, origin = self.find_template(template_name)
                       ^^^^^^^^^^^^^^^^^^^^^^^^^^^^^^^^^
  File "H:\app\rancangan\env\Lib\site-packages\django\template\engine.py", line 157, in find_template
    template = loader.get_template(name, skip=skip)
               ^^^^^^^^^^^^^^^^^^^^^^^^^^^^^^^^^^^^
  File "H:\app\rancangan\env\Lib\site-packages\django\template\loaders\cached.py", line 57, in get_template
    template = super().get_template(template_name, skip)
               ^^^^^^^^^^^^^^^^^^^^^^^^^^^^^^^^^^^^^^^^^
  File "H:\app\rancangan\env\Lib\site-packages\django\template\loaders\base.py", line 28, in get_template
    return Template(
           ^^^^^^^^^
  File "H:\app\rancangan\env\Lib\site-packages\django\template\base.py", line 154, in __init__
    self.nodelist = self.compile_nodelist()
                    ^^^^^^^^^^^^^^^^^^^^^^^
  File "H:\app\rancangan\env\Lib\site-packages\django\template\base.py", line 200, in compile_nodelist
    return parser.parse()
           ^^^^^^^^^^^^^^
  File "H:\app\rancangan\env\Lib\site-packages\django\template\base.py", line 513, in parse
    raise self.error(token, e)
  File "H:\app\rancangan\env\Lib\site-packages\django\template\base.py", line 511, in parse
    compiled_result = compile_func(self, token)
                      ^^^^^^^^^^^^^^^^^^^^^^^^^
  File "H:\app\rancangan\env\Lib\site-packages\django\template\defaulttags.py", line 853, in do_for
    nodelist_loop = parser.parse(
                    ^^^^^^^^^^^^^
  File "H:\app\rancangan\env\Lib\site-packages\django\template\base.py", line 513, in parse
    raise self.error(token, e)
  File "H:\app\rancangan\env\Lib\site-packages\django\template\base.py", line 511, in parse
    compiled_result = compile_func(self, token)
                      ^^^^^^^^^^^^^^^^^^^^^^^^^
  File "H:\app\rancangan\env\Lib\site-packages\django\template\defaulttags.py", line 853, in do_for
    nodelist_loop = parser.parse(
                    ^^^^^^^^^^^^^
  File "H:\app\rancangan\env\Lib\site-packages\django\template\base.py", line 484, in parse
    raise self.error(token, e)
  File "H:\app\rancangan\env\Lib\site-packages\django\template\base.py", line 482, in parse
    filter_expression = self.compile_filter(token.contents)
                        ^^^^^^^^^^^^^^^^^^^^^^^^^^^^^^^^^^^
  File "H:\app\rancangan\env\Lib\site-packages\django\template\base.py", line 600, in compile_filter
    return FilterExpression(token, self)
           ^^^^^^^^^^^^^^^^^^^^^^^^^^^^^
  File "H:\app\rancangan\env\Lib\site-packages\django\template\base.py", line 703, in __init__
    raise TemplateSyntaxError(
django.template.exceptions.TemplateSyntaxError: Could not parse the remainder: '[col]' from 'row[col]'
2025-06-10 19:44:04,139 - IP: 127.0.0.1, Method: GET, Path: /accounts/login/, Device: PC, OS: Windows, Browser: Chrome
2025-06-10 19:44:09,715 - IP: 127.0.0.1, Method: POST, Path: /accounts/login/, Device: PC, OS: Windows, Browser: Chrome
2025-06-10 19:44:10,464 - IP: 127.0.0.1, Method: GET, Path: /, Device: PC, OS: Windows, Browser: Chrome
2025-06-10 19:44:16,690 - IP: 127.0.0.1, Method: GET, Path: /search/excel/, Device: PC, OS: Windows, Browser: Chrome
2025-06-10 19:44:21,658 - Internal Server Error: /search/excel/
Traceback (most recent call last):
  File "H:\app\rancangan\env\Lib\site-packages\django\core\handlers\exception.py", line 55, in inner
    response = get_response(request)
               ^^^^^^^^^^^^^^^^^^^^^
  File "H:\app\rancangan\env\Lib\site-packages\django\core\handlers\base.py", line 197, in _get_response
    response = wrapped_callback(request, *callback_args, **callback_kwargs)
               ^^^^^^^^^^^^^^^^^^^^^^^^^^^^^^^^^^^^^^^^^^^^^^^^^^^^^^^^^^^^
  File "H:\app\rancangan\bkad\dokumen\views.py", line 32, in excel_table_view
    return render(request, 'dokumen/excel_table.html', {
           ^^^^^^^^^^^^^^^^^^^^^^^^^^^^^^^^^^^^^^^^^^^^^
  File "H:\app\rancangan\env\Lib\site-packages\django\shortcuts.py", line 24, in render
    content = loader.render_to_string(template_name, context, request, using=using)
              ^^^^^^^^^^^^^^^^^^^^^^^^^^^^^^^^^^^^^^^^^^^^^^^^^^^^^^^^^^^^^^^^^^^^^
  File "H:\app\rancangan\env\Lib\site-packages\django\template\loader.py", line 61, in render_to_string
    template = get_template(template_name, using=using)
               ^^^^^^^^^^^^^^^^^^^^^^^^^^^^^^^^^^^^^^^^
  File "H:\app\rancangan\env\Lib\site-packages\django\template\loader.py", line 15, in get_template
    return engine.get_template(template_name)
           ^^^^^^^^^^^^^^^^^^^^^^^^^^^^^^^^^^
  File "H:\app\rancangan\env\Lib\site-packages\django\template\backends\django.py", line 33, in get_template
    return Template(self.engine.get_template(template_name), self)
                    ^^^^^^^^^^^^^^^^^^^^^^^^^^^^^^^^^^^^^^^
  File "H:\app\rancangan\env\Lib\site-packages\django\template\engine.py", line 175, in get_template
    template, origin = self.find_template(template_name)
                       ^^^^^^^^^^^^^^^^^^^^^^^^^^^^^^^^^
  File "H:\app\rancangan\env\Lib\site-packages\django\template\engine.py", line 157, in find_template
    template = loader.get_template(name, skip=skip)
               ^^^^^^^^^^^^^^^^^^^^^^^^^^^^^^^^^^^^
  File "H:\app\rancangan\env\Lib\site-packages\django\template\loaders\cached.py", line 57, in get_template
    template = super().get_template(template_name, skip)
               ^^^^^^^^^^^^^^^^^^^^^^^^^^^^^^^^^^^^^^^^^
  File "H:\app\rancangan\env\Lib\site-packages\django\template\loaders\base.py", line 28, in get_template
    return Template(
           ^^^^^^^^^
  File "H:\app\rancangan\env\Lib\site-packages\django\template\base.py", line 154, in __init__
    self.nodelist = self.compile_nodelist()
                    ^^^^^^^^^^^^^^^^^^^^^^^
  File "H:\app\rancangan\env\Lib\site-packages\django\template\base.py", line 200, in compile_nodelist
    return parser.parse()
           ^^^^^^^^^^^^^^
  File "H:\app\rancangan\env\Lib\site-packages\django\template\base.py", line 513, in parse
    raise self.error(token, e)
  File "H:\app\rancangan\env\Lib\site-packages\django\template\base.py", line 511, in parse
    compiled_result = compile_func(self, token)
                      ^^^^^^^^^^^^^^^^^^^^^^^^^
  File "H:\app\rancangan\env\Lib\site-packages\django\template\loader_tags.py", line 293, in do_extends
    nodelist = parser.parse()
               ^^^^^^^^^^^^^^
  File "H:\app\rancangan\env\Lib\site-packages\django\template\base.py", line 513, in parse
    raise self.error(token, e)
  File "H:\app\rancangan\env\Lib\site-packages\django\template\base.py", line 511, in parse
    compiled_result = compile_func(self, token)
                      ^^^^^^^^^^^^^^^^^^^^^^^^^
  File "H:\app\rancangan\env\Lib\site-packages\django\template\loader_tags.py", line 232, in do_block
    nodelist = parser.parse(("endblock",))
               ^^^^^^^^^^^^^^^^^^^^^^^^^^^
  File "H:\app\rancangan\env\Lib\site-packages\django\template\base.py", line 513, in parse
    raise self.error(token, e)
  File "H:\app\rancangan\env\Lib\site-packages\django\template\base.py", line 511, in parse
    compiled_result = compile_func(self, token)
                      ^^^^^^^^^^^^^^^^^^^^^^^^^
  File "H:\app\rancangan\env\Lib\site-packages\django\template\defaulttags.py", line 853, in do_for
    nodelist_loop = parser.parse(
                    ^^^^^^^^^^^^^
  File "H:\app\rancangan\env\Lib\site-packages\django\template\base.py", line 513, in parse
    raise self.error(token, e)
  File "H:\app\rancangan\env\Lib\site-packages\django\template\base.py", line 511, in parse
    compiled_result = compile_func(self, token)
                      ^^^^^^^^^^^^^^^^^^^^^^^^^
  File "H:\app\rancangan\env\Lib\site-packages\django\template\defaulttags.py", line 853, in do_for
    nodelist_loop = parser.parse(
                    ^^^^^^^^^^^^^
  File "H:\app\rancangan\env\Lib\site-packages\django\template\base.py", line 484, in parse
    raise self.error(token, e)
  File "H:\app\rancangan\env\Lib\site-packages\django\template\base.py", line 482, in parse
    filter_expression = self.compile_filter(token.contents)
                        ^^^^^^^^^^^^^^^^^^^^^^^^^^^^^^^^^^^
  File "H:\app\rancangan\env\Lib\site-packages\django\template\base.py", line 600, in compile_filter
    return FilterExpression(token, self)
           ^^^^^^^^^^^^^^^^^^^^^^^^^^^^^
  File "H:\app\rancangan\env\Lib\site-packages\django\template\base.py", line 703, in __init__
    raise TemplateSyntaxError(
django.template.exceptions.TemplateSyntaxError: Could not parse the remainder: '[col]' from 'row[col]'
2025-06-10 19:48:26,573 - H:\app\rancangan\bkad\dokumen\views.py changed, reloading.
2025-06-10 19:48:30,851 - H:\app\rancangan\bkad\dokumen\views.py changed, reloading.
2025-06-10 19:48:35,945 - H:\app\rancangan\bkad\dokumen\views.py changed, reloading.
2025-06-10 19:48:42,185 - H:\app\rancangan\bkad\dokumen\views.py changed, reloading.
2025-06-10 19:49:17,429 - IP: 127.0.0.1, Method: GET, Path: /accounts/login/, Device: PC, OS: Windows, Browser: Chrome
2025-06-10 19:49:22,740 - IP: 127.0.0.1, Method: POST, Path: /accounts/login/, Device: PC, OS: Windows, Browser: Chrome
2025-06-10 19:49:23,426 - IP: 127.0.0.1, Method: GET, Path: /, Device: PC, OS: Windows, Browser: Chrome
2025-06-10 19:49:30,060 - IP: 127.0.0.1, Method: GET, Path: /search/excel/, Device: PC, OS: Windows, Browser: Chrome
2025-06-10 19:50:59,779 - H:\app\rancangan\bkad\dokumen\views.py changed, reloading.
2025-06-10 19:51:13,009 - H:\app\rancangan\bkad\dokumen\views.py changed, reloading.
2025-06-10 19:51:53,786 - IP: 127.0.0.1, Method: GET, Path: /search/excel/, Device: PC, OS: Windows, Browser: Chrome
2025-06-10 19:53:33,524 - H:\app\rancangan\bkad\dokumen\views.py changed, reloading.
2025-06-10 19:53:37,088 - IP: 127.0.0.1, Method: GET, Path: /search/excel/, Device: PC, OS: Windows, Browser: Chrome
2025-06-10 19:54:48,898 - IP: 127.0.0.1, Method: GET, Path: /search/excel/, Device: PC, OS: Windows, Browser: Chrome
2025-06-10 19:56:42,595 - IP: 127.0.0.1, Method: GET, Path: /.well-known/appspecific/com.chrome.devtools.json, Device: PC, OS: Windows, Browser: Chrome
2025-06-10 19:56:42,614 - Not Found: /.well-known/appspecific/com.chrome.devtools.json
2025-06-10 20:00:00,231 - IP: 127.0.0.1, Method: GET, Path: /keepalive/, Device: PC, OS: Windows, Browser: Chrome
2025-06-10 20:02:12,892 - IP: 127.0.0.1, Method: GET, Path: /search/excel/, Device: PC, OS: Windows, Browser: Chrome
2025-06-10 20:06:00,761 - IP: 127.0.0.1, Method: GET, Path: /search/excel/, Device: PC, OS: Windows, Browser: Chrome
2025-06-10 20:07:00,594 - IP: 127.0.0.1, Method: GET, Path: /search/excel/, Device: PC, OS: Windows, Browser: Chrome
2025-06-10 20:07:22,756 - IP: 127.0.0.1, Method: GET, Path: /search/excel/, Device: PC, OS: Windows, Browser: Chrome
2025-06-10 20:07:50,957 - IP: 127.0.0.1, Method: GET, Path: /search/excel/, Device: PC, OS: Windows, Browser: Chrome
2025-06-10 20:09:25,466 - IP: 127.0.0.1, Method: GET, Path: /search/excel/, Device: PC, OS: Windows, Browser: Chrome
2025-06-10 20:10:32,919 - IP: 127.0.0.1, Method: GET, Path: /admin/base/opd/, Device: PC, OS: Windows, Browser: Chrome
2025-06-10 20:10:33,093 - IP: 127.0.0.1, Method: GET, Path: /admin/jsi18n/, Device: PC, OS: Windows, Browser: Chrome
2025-06-10 20:10:48,858 - IP: 127.0.0.1, Method: GET, Path: /admin/base/opd/, Device: PC, OS: Windows, Browser: Chrome
2025-06-10 20:10:49,020 - IP: 127.0.0.1, Method: GET, Path: /admin/jsi18n/, Device: PC, OS: Windows, Browser: Chrome
2025-06-10 20:10:55,903 - IP: 127.0.0.1, Method: GET, Path: /admin/base/opd/base/opd/, Device: PC, OS: Windows, Browser: Chrome
2025-06-10 20:10:55,954 - IP: 127.0.0.1, Method: GET, Path: /admin/base/opd/base/opd/change/, Device: PC, OS: Windows, Browser: Chrome
2025-06-10 20:10:56,008 - IP: 127.0.0.1, Method: GET, Path: /admin/, Device: PC, OS: Windows, Browser: Chrome
2025-06-10 20:11:00,380 - IP: 127.0.0.1, Method: GET, Path: /admin/pejabat, Device: PC, OS: Windows, Browser: Chrome
2025-06-10 20:11:00,400 - Not Found: /admin/pejabat
2025-06-10 20:11:02,264 - IP: 127.0.0.1, Method: GET, Path: /admin/, Device: PC, OS: Windows, Browser: Chrome
2025-06-10 20:11:10,054 - IP: 127.0.0.1, Method: GET, Path: /admin/base/opd/, Device: PC, OS: Windows, Browser: Chrome
2025-06-10 20:11:10,223 - IP: 127.0.0.1, Method: GET, Path: /admin/jsi18n/, Device: PC, OS: Windows, Browser: Chrome
2025-06-10 20:11:14,660 - IP: 127.0.0.1, Method: GET, Path: /opd, Device: PC, OS: Windows, Browser: Chrome
2025-06-10 20:11:14,673 - Not Found: /opd
2025-06-10 20:11:22,232 - IP: 127.0.0.1, Method: GET, Path: /base/opd, Device: PC, OS: Windows, Browser: Chrome
2025-06-10 20:11:22,287 - IP: 127.0.0.1, Method: GET, Path: /base/opd/, Device: PC, OS: Windows, Browser: Chrome
2025-06-10 20:11:44,064 - IP: 127.0.0.1, Method: GET, Path: /search/excel/, Device: PC, OS: Windows, Browser: Chrome
2025-06-10 20:15:20,994 - H:\app\rancangan\bkad\dokumen\views.py changed, reloading.
2025-06-10 20:15:27,930 - H:\app\rancangan\bkad\dokumen\views.py changed, reloading.
2025-06-10 20:15:34,246 - H:\app\rancangan\bkad\dokumen\views.py changed, reloading.
2025-06-10 20:15:40,443 - H:\app\rancangan\bkad\dokumen\views.py changed, reloading.
2025-06-10 20:15:54,696 - H:\app\rancangan\bkad\dokumen\views.py changed, reloading.
2025-06-10 20:15:58,661 - IP: 127.0.0.1, Method: GET, Path: /search/excel/, Device: PC, OS: Windows, Browser: Chrome
2025-06-10 20:16:55,431 - IP: 127.0.0.1, Method: GET, Path: /accounts/login/, Device: PC, OS: Windows, Browser: Chrome
2025-06-10 20:21:40,272 - H:\app\rancangan\bkad\dokumen\views.py changed, reloading.
2025-06-24 08:10:45,232 - IP: 127.0.0.1, Method: GET, Path: /accounts/login/, Device: PC, OS: Windows, Browser: Chrome
2025-06-24 08:10:56,122 - IP: 127.0.0.1, Method: POST, Path: /accounts/login/, Device: PC, OS: Windows, Browser: Chrome
2025-06-24 08:10:57,849 - IP: 127.0.0.1, Method: GET, Path: /, Device: PC, OS: Windows, Browser: Chrome
2025-06-24 08:11:06,203 - IP: 127.0.0.1, Method: GET, Path: /admin/dokumen/document/, Device: PC, OS: Windows, Browser: Chrome
2025-06-24 08:11:06,537 - IP: 127.0.0.1, Method: GET, Path: /admin/jsi18n/, Device: PC, OS: Windows, Browser: Chrome
2025-06-24 08:14:45,162 - IP: 127.0.0.1, Method: GET, Path: /search/excel, Device: PC, OS: Windows, Browser: Chrome
2025-06-24 08:14:45,404 - IP: 127.0.0.1, Method: GET, Path: /search/excel/, Device: PC, OS: Windows, Browser: Chrome
2025-06-24 08:20:09,871 - IP: 127.0.0.1, Method: GET, Path: /accounts/login/, Device: PC, OS: Windows, Browser: Chrome
2025-06-24 08:21:15,359 - IP: 127.0.0.1, Method: GET, Path: /accounts/login/, Device: PC, OS: Windows, Browser: Chrome
2025-06-24 08:21:22,622 - IP: 127.0.0.1, Method: POST, Path: /accounts/login/, Device: PC, OS: Windows, Browser: Chrome
2025-06-24 08:21:23,550 - IP: 127.0.0.1, Method: GET, Path: /, Device: PC, OS: Windows, Browser: Chrome
2025-06-24 08:21:34,196 - IP: 127.0.0.1, Method: GET, Path: /search/search/, Device: PC, OS: Windows, Browser: Chrome
2025-06-24 08:21:34,363 - IP: 127.0.0.1, Method: GET, Path: /favicon.ico, Device: PC, OS: Windows, Browser: Chrome
2025-06-24 08:21:34,383 - Not Found: /favicon.ico
2025-06-24 08:21:36,255 - IP: 127.0.0.1, Method: GET, Path: /search/search/, Device: PC, OS: Windows, Browser: Chrome
2025-06-24 08:21:38,463 - IP: 127.0.0.1, Method: GET, Path: /search/search/, Device: PC, OS: Windows, Browser: Chrome
2025-06-24 08:21:57,735 - IP: 127.0.0.1, Method: GET, Path: /search/search/, Device: PC, OS: Windows, Browser: Chrome
2025-06-24 08:21:57,860 - POST http://host.docker.internal:9200/documents/_search [status:200 duration:0.121s]
2025-06-24 08:58:56,267 - IP: 127.0.0.1, Method: GET, Path: /accounts/login/, Device: PC, OS: Windows, Browser: Chrome
2025-06-24 08:59:14,172 - IP: 127.0.0.1, Method: POST, Path: /accounts/login/, Device: PC, OS: Windows, Browser: Chrome
2025-06-24 08:59:15,049 - IP: 127.0.0.1, Method: GET, Path: /, Device: PC, OS: Windows, Browser: Chrome
2025-06-24 09:04:15,231 - IP: 127.0.0.1, Method: GET, Path: /accounts/login/, Device: PC, OS: Windows, Browser: Chrome
2025-06-24 09:09:16,160 - IP: 127.0.0.1, Method: GET, Path: /accounts/login/, Device: PC, OS: Windows, Browser: Chrome
2025-06-24 09:14:17,173 - IP: 127.0.0.1, Method: GET, Path: /accounts/login/, Device: PC, OS: Windows, Browser: Chrome
2025-06-24 09:19:18,168 - IP: 127.0.0.1, Method: GET, Path: /accounts/login/, Device: PC, OS: Windows, Browser: Chrome
2025-06-24 09:24:19,169 - IP: 127.0.0.1, Method: GET, Path: /accounts/login/, Device: PC, OS: Windows, Browser: Chrome
2025-06-24 09:29:20,173 - IP: 127.0.0.1, Method: GET, Path: /accounts/login/, Device: PC, OS: Windows, Browser: Chrome
2025-06-24 09:35:05,155 - IP: 127.0.0.1, Method: GET, Path: /accounts/login/, Device: PC, OS: Windows, Browser: Chrome
2025-06-24 09:40:05,175 - IP: 127.0.0.1, Method: GET, Path: /accounts/login/, Device: PC, OS: Windows, Browser: Chrome
2025-06-24 09:46:05,161 - IP: 127.0.0.1, Method: GET, Path: /accounts/login/, Device: PC, OS: Windows, Browser: Chrome
2025-06-24 09:51:05,165 - IP: 127.0.0.1, Method: GET, Path: /accounts/login/, Device: PC, OS: Windows, Browser: Chrome
2025-06-24 09:56:05,166 - IP: 127.0.0.1, Method: GET, Path: /accounts/login/, Device: PC, OS: Windows, Browser: Chrome
2025-06-24 10:01:05,177 - IP: 127.0.0.1, Method: GET, Path: /accounts/login/, Device: PC, OS: Windows, Browser: Chrome
2025-06-24 10:06:05,185 - IP: 127.0.0.1, Method: GET, Path: /accounts/login/, Device: PC, OS: Windows, Browser: Chrome
2025-06-24 10:11:05,207 - IP: 127.0.0.1, Method: GET, Path: /accounts/login/, Device: PC, OS: Windows, Browser: Chrome
2025-06-24 10:17:05,164 - IP: 127.0.0.1, Method: GET, Path: /accounts/login/, Device: PC, OS: Windows, Browser: Chrome
2025-06-24 10:22:05,177 - IP: 127.0.0.1, Method: GET, Path: /accounts/login/, Device: PC, OS: Windows, Browser: Chrome
2025-06-24 10:28:05,163 - IP: 127.0.0.1, Method: GET, Path: /accounts/login/, Device: PC, OS: Windows, Browser: Chrome
2025-06-24 10:33:05,171 - IP: 127.0.0.1, Method: GET, Path: /accounts/login/, Device: PC, OS: Windows, Browser: Chrome
2025-06-24 10:39:05,168 - IP: 127.0.0.1, Method: GET, Path: /accounts/login/, Device: PC, OS: Windows, Browser: Chrome
2025-06-24 10:45:05,165 - IP: 127.0.0.1, Method: GET, Path: /accounts/login/, Device: PC, OS: Windows, Browser: Chrome
2025-06-24 10:51:05,164 - IP: 127.0.0.1, Method: GET, Path: /accounts/login/, Device: PC, OS: Windows, Browser: Chrome
2025-06-24 10:56:05,165 - IP: 127.0.0.1, Method: GET, Path: /accounts/login/, Device: PC, OS: Windows, Browser: Chrome
2025-06-24 11:02:05,158 - IP: 127.0.0.1, Method: GET, Path: /accounts/login/, Device: PC, OS: Windows, Browser: Chrome
2025-06-24 11:07:05,171 - IP: 127.0.0.1, Method: GET, Path: /accounts/login/, Device: PC, OS: Windows, Browser: Chrome
2025-06-24 11:13:05,163 - IP: 127.0.0.1, Method: GET, Path: /accounts/login/, Device: PC, OS: Windows, Browser: Chrome
2025-06-24 11:18:05,177 - IP: 127.0.0.1, Method: GET, Path: /accounts/login/, Device: PC, OS: Windows, Browser: Chrome
2025-06-24 11:24:05,166 - IP: 127.0.0.1, Method: GET, Path: /accounts/login/, Device: PC, OS: Windows, Browser: Chrome
2025-06-24 11:30:05,169 - IP: 127.0.0.1, Method: GET, Path: /accounts/login/, Device: PC, OS: Windows, Browser: Chrome
2025-06-24 11:35:05,166 - IP: 127.0.0.1, Method: GET, Path: /accounts/login/, Device: PC, OS: Windows, Browser: Chrome
2025-06-24 11:40:05,182 - IP: 127.0.0.1, Method: GET, Path: /accounts/login/, Device: PC, OS: Windows, Browser: Chrome
2025-06-24 11:46:05,165 - IP: 127.0.0.1, Method: GET, Path: /accounts/login/, Device: PC, OS: Windows, Browser: Chrome
2025-06-24 11:52:05,166 - IP: 127.0.0.1, Method: GET, Path: /accounts/login/, Device: PC, OS: Windows, Browser: Chrome
2025-06-24 11:58:05,159 - IP: 127.0.0.1, Method: GET, Path: /accounts/login/, Device: PC, OS: Windows, Browser: Chrome
2025-06-24 12:03:05,196 - IP: 127.0.0.1, Method: GET, Path: /accounts/login/, Device: PC, OS: Windows, Browser: Chrome
2025-06-24 12:09:05,168 - IP: 127.0.0.1, Method: GET, Path: /accounts/login/, Device: PC, OS: Windows, Browser: Chrome
2025-06-24 12:14:05,167 - IP: 127.0.0.1, Method: GET, Path: /accounts/login/, Device: PC, OS: Windows, Browser: Chrome
2025-06-24 12:20:05,170 - IP: 127.0.0.1, Method: GET, Path: /accounts/login/, Device: PC, OS: Windows, Browser: Chrome
2025-06-24 12:26:05,165 - IP: 127.0.0.1, Method: GET, Path: /accounts/login/, Device: PC, OS: Windows, Browser: Chrome
2025-06-24 12:32:05,164 - IP: 127.0.0.1, Method: GET, Path: /accounts/login/, Device: PC, OS: Windows, Browser: Chrome
2025-06-24 12:37:05,181 - IP: 127.0.0.1, Method: GET, Path: /accounts/login/, Device: PC, OS: Windows, Browser: Chrome
2025-06-24 12:43:05,167 - IP: 127.0.0.1, Method: GET, Path: /accounts/login/, Device: PC, OS: Windows, Browser: Chrome
2025-06-24 12:49:05,167 - IP: 127.0.0.1, Method: GET, Path: /accounts/login/, Device: PC, OS: Windows, Browser: Chrome
2025-06-24 12:55:05,160 - IP: 127.0.0.1, Method: GET, Path: /accounts/login/, Device: PC, OS: Windows, Browser: Chrome
2025-06-24 13:00:05,157 - IP: 127.0.0.1, Method: GET, Path: /accounts/login/, Device: PC, OS: Windows, Browser: Chrome
2025-06-24 13:05:05,172 - IP: 127.0.0.1, Method: GET, Path: /accounts/login/, Device: PC, OS: Windows, Browser: Chrome
2025-06-24 13:11:05,163 - IP: 127.0.0.1, Method: GET, Path: /accounts/login/, Device: PC, OS: Windows, Browser: Chrome
2025-06-24 13:16:05,168 - IP: 127.0.0.1, Method: GET, Path: /accounts/login/, Device: PC, OS: Windows, Browser: Chrome
2025-06-24 13:21:05,176 - IP: 127.0.0.1, Method: GET, Path: /accounts/login/, Device: PC, OS: Windows, Browser: Chrome
2025-06-24 13:27:05,165 - IP: 127.0.0.1, Method: GET, Path: /accounts/login/, Device: PC, OS: Windows, Browser: Chrome
2025-06-24 13:33:05,153 - IP: 127.0.0.1, Method: GET, Path: /accounts/login/, Device: PC, OS: Windows, Browser: Chrome
2025-06-24 13:38:05,168 - IP: 127.0.0.1, Method: GET, Path: /accounts/login/, Device: PC, OS: Windows, Browser: Chrome
2025-06-24 13:44:05,158 - IP: 127.0.0.1, Method: GET, Path: /accounts/login/, Device: PC, OS: Windows, Browser: Chrome
2025-06-24 13:49:05,170 - IP: 127.0.0.1, Method: GET, Path: /accounts/login/, Device: PC, OS: Windows, Browser: Chrome
2025-06-24 13:54:05,167 - IP: 127.0.0.1, Method: GET, Path: /accounts/login/, Device: PC, OS: Windows, Browser: Chrome
2025-06-24 16:35:00,590 - IP: 127.0.0.1, Method: GET, Path: /accounts/login/, Device: PC, OS: Windows, Browser: Chrome
2025-06-24 16:35:00,613 - IP: 127.0.0.1, Method: GET, Path: /accounts/login/, Device: PC, OS: Windows, Browser: Chrome
2025-06-24 16:35:08,390 - IP: 127.0.0.1, Method: POST, Path: /accounts/login/, Device: PC, OS: Windows, Browser: Chrome
2025-06-24 16:35:08,397 - Forbidden (CSRF token from POST incorrect.): /accounts/login/
2025-06-24 16:35:14,710 - IP: 127.0.0.1, Method: POST, Path: /accounts/login/, Device: PC, OS: Windows, Browser: Chrome
2025-06-24 16:35:14,712 - Forbidden (CSRF token from POST incorrect.): /accounts/login/
2025-06-24 16:35:33,604 - IP: 127.0.0.1, Method: GET, Path: /accounts/login/, Device: PC, OS: Windows, Browser: Chrome
2025-06-24 16:35:38,838 - IP: 127.0.0.1, Method: POST, Path: /accounts/login/, Device: PC, OS: Windows, Browser: Chrome
2025-06-24 16:35:39,760 - IP: 127.0.0.1, Method: GET, Path: /, Device: PC, OS: Windows, Browser: Chrome
2025-06-24 16:35:59,502 - IP: 127.0.0.1, Method: GET, Path: /base/opd/, Device: PC, OS: Windows, Browser: Chrome
2025-06-24 16:36:10,662 - IP: 127.0.0.1, Method: GET, Path: /base/opd/base/opd/, Device: PC, OS: Windows, Browser: Chrome
2025-06-24 16:36:10,810 - Not Found: /base/opd/base/opd/
2025-06-24 16:36:16,245 - IP: 127.0.0.1, Method: GET, Path: /base/opd/, Device: PC, OS: Windows, Browser: Chrome
2025-06-24 16:36:44,620 - IP: 127.0.0.1, Method: GET, Path: /search/excel, Device: PC, OS: Windows, Browser: Chrome
2025-06-24 16:36:44,675 - IP: 127.0.0.1, Method: GET, Path: /search/excel/, Device: PC, OS: Windows, Browser: Chrome
2025-06-24 16:40:54,764 - IP: 127.0.0.1, Method: GET, Path: /search/excel/, Device: PC, OS: Windows, Browser: Chrome
2025-06-24 16:42:59,363 - IP: 127.0.0.1, Method: GET, Path: /search/excel/, Device: PC, OS: Windows, Browser: Chrome
2025-06-24 16:44:03,377 - IP: 127.0.0.1, Method: GET, Path: /search/excel/, Device: PC, OS: Windows, Browser: Chrome
2025-06-24 16:47:36,456 - IP: 127.0.0.1, Method: GET, Path: /search/excel/, Device: PC, OS: Windows, Browser: Chrome
2025-06-24 16:48:47,105 - IP: 127.0.0.1, Method: GET, Path: /search/excel/, Device: PC, OS: Windows, Browser: Chrome
2025-06-24 16:54:08,166 - IP: 127.0.0.1, Method: GET, Path: /accounts/login/, Device: PC, OS: Windows, Browser: Chrome
2025-06-24 16:55:00,852 - H:\app\rancangan\bkad\dokumen\views.py changed, reloading.
2025-06-24 16:55:05,517 - IP: 127.0.0.1, Method: GET, Path: /accounts/login/, Device: PC, OS: Windows, Browser: Chrome
2025-06-24 16:55:11,715 - IP: 127.0.0.1, Method: POST, Path: /accounts/login/, Device: PC, OS: Windows, Browser: Chrome
2025-06-24 16:55:12,457 - IP: 127.0.0.1, Method: GET, Path: /, Device: PC, OS: Windows, Browser: Chrome
2025-06-24 16:55:21,783 - IP: 127.0.0.1, Method: GET, Path: /search/excel, Device: PC, OS: Windows, Browser: Chrome
2025-06-24 16:55:21,832 - IP: 127.0.0.1, Method: GET, Path: /search/excel/, Device: PC, OS: Windows, Browser: Chrome
2025-06-24 16:57:38,651 - H:\app\rancangan\bkad\dokumen\views.py changed, reloading.
2025-06-24 16:57:42,858 - IP: 127.0.0.1, Method: GET, Path: /search/excel/, Device: PC, OS: Windows, Browser: Chrome
2025-06-24 16:57:58,911 - IP: 127.0.0.1, Method: GET, Path: /search/excel/, Device: PC, OS: Windows, Browser: Chrome
2025-06-24 16:58:18,028 - H:\app\rancangan\bkad\dokumen\views.py changed, reloading.
2025-06-24 16:58:21,447 - H:\app\rancangan\bkad\dokumen\views.py changed, reloading.
2025-06-24 16:58:24,588 - IP: 127.0.0.1, Method: GET, Path: /search/excel/, Device: PC, OS: Windows, Browser: Chrome
2025-06-24 16:59:34,594 - IP: 127.0.0.1, Method: GET, Path: /search/excel/, Device: PC, OS: Windows, Browser: Chrome
2025-06-24 16:59:42,964 - IP: 127.0.0.1, Method: GET, Path: /search/excel/, Device: PC, OS: Windows, Browser: Chrome
2025-06-24 17:02:10,548 - IP: 127.0.0.1, Method: GET, Path: /search/excel/, Device: PC, OS: Windows, Browser: Chrome
2025-06-24 17:02:11,697 - Internal Server Error: /search/excel/
Traceback (most recent call last):
  File "H:\app\rancangan\env\Lib\site-packages\django\template\base.py", line 505, in parse
    compile_func = self.tags[command]
                   ~~~~~~~~~^^^^^^^^^
KeyError: 'endblock'

During handling of the above exception, another exception occurred:

Traceback (most recent call last):
  File "H:\app\rancangan\env\Lib\site-packages\django\core\handlers\exception.py", line 55, in inner
    response = get_response(request)
               ^^^^^^^^^^^^^^^^^^^^^
  File "H:\app\rancangan\env\Lib\site-packages\django\core\handlers\base.py", line 197, in _get_response
    response = wrapped_callback(request, *callback_args, **callback_kwargs)
               ^^^^^^^^^^^^^^^^^^^^^^^^^^^^^^^^^^^^^^^^^^^^^^^^^^^^^^^^^^^^
  File "H:\app\rancangan\bkad\dokumen\views.py", line 42, in excel_table_view
    return render(request, 'dokumen/excel_table.html', {
           ^^^^^^^^^^^^^^^^^^^^^^^^^^^^^^^^^^^^^^^^^^^^^
  File "H:\app\rancangan\env\Lib\site-packages\django\shortcuts.py", line 24, in render
    content = loader.render_to_string(template_name, context, request, using=using)
              ^^^^^^^^^^^^^^^^^^^^^^^^^^^^^^^^^^^^^^^^^^^^^^^^^^^^^^^^^^^^^^^^^^^^^
  File "H:\app\rancangan\env\Lib\site-packages\django\template\loader.py", line 61, in render_to_string
    template = get_template(template_name, using=using)
               ^^^^^^^^^^^^^^^^^^^^^^^^^^^^^^^^^^^^^^^^
  File "H:\app\rancangan\env\Lib\site-packages\django\template\loader.py", line 15, in get_template
    return engine.get_template(template_name)
           ^^^^^^^^^^^^^^^^^^^^^^^^^^^^^^^^^^
  File "H:\app\rancangan\env\Lib\site-packages\django\template\backends\django.py", line 33, in get_template
    return Template(self.engine.get_template(template_name), self)
                    ^^^^^^^^^^^^^^^^^^^^^^^^^^^^^^^^^^^^^^^
  File "H:\app\rancangan\env\Lib\site-packages\django\template\engine.py", line 175, in get_template
    template, origin = self.find_template(template_name)
                       ^^^^^^^^^^^^^^^^^^^^^^^^^^^^^^^^^
  File "H:\app\rancangan\env\Lib\site-packages\django\template\engine.py", line 157, in find_template
    template = loader.get_template(name, skip=skip)
               ^^^^^^^^^^^^^^^^^^^^^^^^^^^^^^^^^^^^
  File "H:\app\rancangan\env\Lib\site-packages\django\template\loaders\cached.py", line 57, in get_template
    template = super().get_template(template_name, skip)
               ^^^^^^^^^^^^^^^^^^^^^^^^^^^^^^^^^^^^^^^^^
  File "H:\app\rancangan\env\Lib\site-packages\django\template\loaders\base.py", line 28, in get_template
    return Template(
           ^^^^^^^^^
  File "H:\app\rancangan\env\Lib\site-packages\django\template\base.py", line 154, in __init__
    self.nodelist = self.compile_nodelist()
                    ^^^^^^^^^^^^^^^^^^^^^^^
  File "H:\app\rancangan\env\Lib\site-packages\django\template\base.py", line 200, in compile_nodelist
    return parser.parse()
           ^^^^^^^^^^^^^^
  File "H:\app\rancangan\env\Lib\site-packages\django\template\base.py", line 513, in parse
    raise self.error(token, e)
  File "H:\app\rancangan\env\Lib\site-packages\django\template\base.py", line 511, in parse
    compiled_result = compile_func(self, token)
                      ^^^^^^^^^^^^^^^^^^^^^^^^^
  File "H:\app\rancangan\env\Lib\site-packages\django\template\loader_tags.py", line 293, in do_extends
    nodelist = parser.parse()
               ^^^^^^^^^^^^^^
  File "H:\app\rancangan\env\Lib\site-packages\django\template\base.py", line 507, in parse
    self.invalid_block_tag(token, command, parse_until)
  File "H:\app\rancangan\env\Lib\site-packages\django\template\base.py", line 568, in invalid_block_tag
    raise self.error(
django.template.exceptions.TemplateSyntaxError: Invalid block tag on line 61: 'endblock'. Did you forget to register or load this tag?
2025-06-24 17:05:09,366 - IP: 127.0.0.1, Method: GET, Path: /accounts/login/, Device: PC, OS: Windows, Browser: Chrome
2025-06-24 17:05:15,105 - IP: 127.0.0.1, Method: POST, Path: /accounts/login/, Device: PC, OS: Windows, Browser: Chrome
2025-06-24 17:05:15,804 - IP: 127.0.0.1, Method: GET, Path: /, Device: PC, OS: Windows, Browser: Chrome
2025-06-24 17:05:23,095 - IP: 127.0.0.1, Method: GET, Path: /search/excel, Device: PC, OS: Windows, Browser: Chrome
2025-06-24 17:05:23,140 - IP: 127.0.0.1, Method: GET, Path: /search/excel/, Device: PC, OS: Windows, Browser: Chrome
2025-06-24 17:07:02,608 - IP: 127.0.0.1, Method: GET, Path: /search/excel/, Device: PC, OS: Windows, Browser: Chrome
2025-06-24 17:09:04,803 - IP: 127.0.0.1, Method: GET, Path: /search/excel/, Device: PC, OS: Windows, Browser: Chrome
2025-06-24 17:09:50,022 - IP: 127.0.0.1, Method: GET, Path: /search/excel/, Device: PC, OS: Windows, Browser: Chrome
2025-06-24 17:11:11,703 - IP: 127.0.0.1, Method: GET, Path: /search/excel/, Device: PC, OS: Windows, Browser: Chrome
2025-06-24 17:12:10,252 - IP: 127.0.0.1, Method: GET, Path: /search/excel/, Device: PC, OS: Windows, Browser: Chrome
2025-06-24 17:13:37,860 - IP: 127.0.0.1, Method: GET, Path: /search/excel/, Device: PC, OS: Windows, Browser: Chrome
2025-06-24 17:15:31,563 - IP: 127.0.0.1, Method: GET, Path: /search/excel/, Device: PC, OS: Windows, Browser: Chrome
2025-06-24 17:18:25,909 - IP: 127.0.0.1, Method: GET, Path: /search/excel/, Device: PC, OS: Windows, Browser: Chrome
2025-06-24 17:19:26,478 - IP: 127.0.0.1, Method: GET, Path: /search/excel/, Device: PC, OS: Windows, Browser: Chrome
